{"D:\\University\\E-Learning\\MOOC-lms\\lms-frontend\\src\\api\\adminApi.js": {"path":"D:\\University\\E-Learning\\MOOC-lms\\lms-frontend\\src\\api\\adminApi.js","statementMap":{"0":{"start":{"line":3,"column":24},"end":{"line":15,"column":null}},"1":{"start":{"line":5,"column":27},"end":{"line":5,"column":null}},"2":{"start":{"line":6,"column":25},"end":{"line":6,"column":null}},"3":{"start":{"line":7,"column":24},"end":{"line":7,"column":null}},"4":{"start":{"line":10,"column":21},"end":{"line":10,"column":null}},"5":{"start":{"line":11,"column":28},"end":{"line":11,"column":null}},"6":{"start":{"line":14,"column":27},"end":{"line":14,"column":null}}},"fnMap":{"0":{"name":"(anonymous_0)","decl":{"start":{"line":5,"column":2},"end":{"line":5,"column":27}},"loc":{"start":{"line":5,"column":27},"end":{"line":5,"column":null}},"line":5},"1":{"name":"(anonymous_1)","decl":{"start":{"line":6,"column":2},"end":{"line":6,"column":18}},"loc":{"start":{"line":6,"column":25},"end":{"line":6,"column":null}},"line":6},"2":{"name":"(anonymous_2)","decl":{"start":{"line":7,"column":2},"end":{"line":7,"column":17}},"loc":{"start":{"line":7,"column":24},"end":{"line":7,"column":null}},"line":7},"3":{"name":"(anonymous_3)","decl":{"start":{"line":10,"column":2},"end":{"line":10,"column":21}},"loc":{"start":{"line":10,"column":21},"end":{"line":10,"column":null}},"line":10},"4":{"name":"(anonymous_4)","decl":{"start":{"line":11,"column":2},"end":{"line":11,"column":21}},"loc":{"start":{"line":11,"column":28},"end":{"line":11,"column":null}},"line":11},"5":{"name":"(anonymous_5)","decl":{"start":{"line":14,"column":2},"end":{"line":14,"column":27}},"loc":{"start":{"line":14,"column":27},"end":{"line":14,"column":null}},"line":14}},"branchMap":{},"s":{"0":1,"1":0,"2":0,"3":0,"4":0,"5":0,"6":0},"f":{"0":0,"1":0,"2":0,"3":0,"4":0,"5":0},"b":{},"meta":{"lastBranch":0,"lastFunction":6,"lastStatement":7,"seen":{"s:3:24:15:Infinity":0,"f:5:2:5:27":0,"s:5:27:5:Infinity":1,"f:6:2:6:18":1,"s:6:25:6:Infinity":2,"f:7:2:7:17":2,"s:7:24:7:Infinity":3,"f:10:2:10:21":3,"s:10:21:10:Infinity":4,"f:11:2:11:21":4,"s:11:28:11:Infinity":5,"f:14:2:14:27":5,"s:14:27:14:Infinity":6},"fnNames":{}}}
,"D:\\University\\E-Learning\\MOOC-lms\\lms-frontend\\src\\api\\authApi.js": {"path":"D:\\University\\E-Learning\\MOOC-lms\\lms-frontend\\src\\api\\authApi.js","statementMap":{"0":{"start":{"line":3,"column":23},"end":{"line":9,"column":null}},"1":{"start":{"line":4,"column":19},"end":{"line":4,"column":null}},"2":{"start":{"line":5,"column":22},"end":{"line":5,"column":null}},"3":{"start":{"line":6,"column":15},"end":{"line":6,"column":null}},"4":{"start":{"line":7,"column":27},"end":{"line":7,"column":null}},"5":{"start":{"line":8,"column":28},"end":{"line":8,"column":null}}},"fnMap":{"0":{"name":"(anonymous_0)","decl":{"start":{"line":4,"column":2},"end":{"line":4,"column":10}},"loc":{"start":{"line":4,"column":19},"end":{"line":4,"column":null}},"line":4},"1":{"name":"(anonymous_1)","decl":{"start":{"line":5,"column":2},"end":{"line":5,"column":13}},"loc":{"start":{"line":5,"column":22},"end":{"line":5,"column":null}},"line":5},"2":{"name":"(anonymous_2)","decl":{"start":{"line":6,"column":2},"end":{"line":6,"column":15}},"loc":{"start":{"line":6,"column":15},"end":{"line":6,"column":null}},"line":6},"3":{"name":"(anonymous_3)","decl":{"start":{"line":7,"column":2},"end":{"line":7,"column":18}},"loc":{"start":{"line":7,"column":27},"end":{"line":7,"column":null}},"line":7},"4":{"name":"(anonymous_4)","decl":{"start":{"line":8,"column":2},"end":{"line":8,"column":19}},"loc":{"start":{"line":8,"column":28},"end":{"line":8,"column":null}},"line":8}},"branchMap":{},"s":{"0":5,"1":3,"2":0,"3":1,"4":0,"5":0},"f":{"0":3,"1":0,"2":1,"3":0,"4":0},"b":{},"meta":{"lastBranch":0,"lastFunction":5,"lastStatement":6,"seen":{"s:3:23:9:Infinity":0,"f:4:2:4:10":0,"s:4:19:4:Infinity":1,"f:5:2:5:13":1,"s:5:22:5:Infinity":2,"f:6:2:6:15":2,"s:6:15:6:Infinity":3,"f:7:2:7:18":3,"s:7:27:7:Infinity":4,"f:8:2:8:19":4,"s:8:28:8:Infinity":5},"fnNames":{}}}
,"D:\\University\\E-Learning\\MOOC-lms\\lms-frontend\\src\\api\\certificateApi.js": {"path":"D:\\University\\E-Learning\\MOOC-lms\\lms-frontend\\src\\api\\certificateApi.js","statementMap":{"0":{"start":{"line":3,"column":30},"end":{"line":13,"column":null}},"1":{"start":{"line":5,"column":31},"end":{"line":5,"column":null}},"2":{"start":{"line":8,"column":48},"end":{"line":8,"column":null}},"3":{"start":{"line":12,"column":4},"end":{"line":12,"column":null}}},"fnMap":{"0":{"name":"(anonymous_0)","decl":{"start":{"line":5,"column":2},"end":{"line":5,"column":22}},"loc":{"start":{"line":5,"column":31},"end":{"line":5,"column":null}},"line":5},"1":{"name":"(anonymous_1)","decl":{"start":{"line":8,"column":2},"end":{"line":8,"column":31}},"loc":{"start":{"line":8,"column":48},"end":{"line":8,"column":null}},"line":8},"2":{"name":"(anonymous_2)","decl":{"start":{"line":11,"column":2},"end":{"line":11,"column":19}},"loc":{"start":{"line":12,"column":4},"end":{"line":12,"column":null}},"line":12}},"branchMap":{"0":{"loc":{"start":{"line":12,"column":91},"end":{"line":12,"column":101}},"type":"binary-expr","locations":[{"start":{"line":12,"column":91},"end":{"line":12,"column":99}},{"start":{"line":12,"column":99},"end":{"line":12,"column":101}}],"line":12}},"s":{"0":1,"1":0,"2":0,"3":0},"f":{"0":0,"1":0,"2":0},"b":{"0":[0,0]},"meta":{"lastBranch":1,"lastFunction":3,"lastStatement":4,"seen":{"s:3:30:13:Infinity":0,"f:5:2:5:22":0,"s:5:31:5:Infinity":1,"f:8:2:8:31":1,"s:8:48:8:Infinity":2,"f:11:2:11:19":2,"s:12:4:12:Infinity":3,"b:12:91:12:99:12:99:12:101":0},"fnNames":{}}}
,"D:\\University\\E-Learning\\MOOC-lms\\lms-frontend\\src\\api\\client.js": {"path":"D:\\University\\E-Learning\\MOOC-lms\\lms-frontend\\src\\api\\client.js","statementMap":{"0":{"start":{"line":3,"column":28},"end":{"line":3,"column":null}},"1":{"start":{"line":5,"column":15},"end":{"line":11,"column":null}},"2":{"start":{"line":14,"column":0},"end":{"line":23,"column":null}},"3":{"start":{"line":16,"column":18},"end":{"line":16,"column":null}},"4":{"start":{"line":17,"column":4},"end":{"line":19,"column":null}},"5":{"start":{"line":18,"column":6},"end":{"line":18,"column":null}},"6":{"start":{"line":20,"column":4},"end":{"line":20,"column":null}},"7":{"start":{"line":22,"column":13},"end":{"line":22,"column":null}},"8":{"start":{"line":26,"column":0},"end":{"line":47,"column":null}},"9":{"start":{"line":27,"column":16},"end":{"line":27,"column":null}},"10":{"start":{"line":29,"column":4},"end":{"line":44,"column":null}},"11":{"start":{"line":30,"column":23},"end":{"line":30,"column":null}},"12":{"start":{"line":31,"column":6},"end":{"line":31,"column":null}},"13":{"start":{"line":32,"column":6},"end":{"line":32,"column":null}},"14":{"start":{"line":33,"column":6},"end":{"line":43,"column":null}},"15":{"start":{"line":34,"column":8},"end":{"line":34,"column":null}},"16":{"start":{"line":35,"column":8},"end":{"line":42,"column":null}},"17":{"start":{"line":45,"column":4},"end":{"line":45,"column":null}}},"fnMap":{"0":{"name":"(anonymous_0)","decl":{"start":{"line":14,"column":28},"end":{"line":14,"column":null}},"loc":{"start":{"line":15,"column":14},"end":{"line":21,"column":null}},"line":15},"1":{"name":"(anonymous_1)","decl":{"start":{"line":21,"column":2},"end":{"line":21,"column":null}},"loc":{"start":{"line":22,"column":13},"end":{"line":22,"column":null}},"line":22},"2":{"name":"(anonymous_2)","decl":{"start":{"line":26,"column":29},"end":{"line":26,"column":null}},"loc":{"start":{"line":27,"column":16},"end":{"line":27,"column":null}},"line":27},"3":{"name":"(anonymous_3)","decl":{"start":{"line":27,"column":16},"end":{"line":27,"column":null}},"loc":{"start":{"line":28,"column":13},"end":{"line":46,"column":null}},"line":28}},"branchMap":{"0":{"loc":{"start":{"line":3,"column":28},"end":{"line":3,"column":null}},"type":"binary-expr","locations":[{"start":{"line":3,"column":28},"end":{"line":3,"column":60}},{"start":{"line":3,"column":60},"end":{"line":3,"column":null}}],"line":3},"1":{"loc":{"start":{"line":17,"column":4},"end":{"line":19,"column":null}},"type":"if","locations":[{"start":{"line":17,"column":4},"end":{"line":19,"column":null}},{"start":{},"end":{}}],"line":17},"2":{"loc":{"start":{"line":29,"column":4},"end":{"line":44,"column":null}},"type":"if","locations":[{"start":{"line":29,"column":4},"end":{"line":44,"column":null}},{"start":{},"end":{}}],"line":29},"3":{"loc":{"start":{"line":29,"column":8},"end":{"line":29,"column":92}},"type":"binary-expr","locations":[{"start":{"line":29,"column":8},"end":{"line":29,"column":27}},{"start":{"line":29,"column":27},"end":{"line":29,"column":60}},{"start":{"line":29,"column":60},"end":{"line":29,"column":92}}],"line":29},"4":{"loc":{"start":{"line":33,"column":6},"end":{"line":43,"column":null}},"type":"if","locations":[{"start":{"line":33,"column":6},"end":{"line":43,"column":null}},{"start":{},"end":{}}],"line":33}},"s":{"0":5,"1":5,"2":5,"3":18,"4":18,"5":6,"6":18,"7":0,"8":5,"9":18,"10":0,"11":0,"12":0,"13":0,"14":0,"15":0,"16":0,"17":0},"f":{"0":18,"1":0,"2":18,"3":0},"b":{"0":[5,5],"1":[6,12],"2":[0,0],"3":[0,0,0],"4":[0,0]},"meta":{"lastBranch":5,"lastFunction":4,"lastStatement":18,"seen":{"s:3:28:3:Infinity":0,"b:3:28:3:60:3:60:3:Infinity":0,"s:5:15:11:Infinity":1,"s:14:0:23:Infinity":2,"f:14:28:14:Infinity":0,"s:16:18:16:Infinity":3,"b:17:4:19:Infinity:undefined:undefined:undefined:undefined":1,"s:17:4:19:Infinity":4,"s:18:6:18:Infinity":5,"s:20:4:20:Infinity":6,"f:21:2:21:Infinity":1,"s:22:13:22:Infinity":7,"s:26:0:47:Infinity":8,"f:26:29:26:Infinity":2,"s:27:16:27:Infinity":9,"f:27:16:27:Infinity":3,"b:29:4:44:Infinity:undefined:undefined:undefined:undefined":2,"s:29:4:44:Infinity":10,"b:29:8:29:27:29:27:29:60:29:60:29:92":3,"s:30:23:30:Infinity":11,"s:31:6:31:Infinity":12,"s:32:6:32:Infinity":13,"b:33:6:43:Infinity:undefined:undefined:undefined:undefined":4,"s:33:6:43:Infinity":14,"s:34:8:34:Infinity":15,"s:35:8:42:Infinity":16,"s:45:4:45:Infinity":17},"fnNames":{}}}
,"D:\\University\\E-Learning\\MOOC-lms\\lms-frontend\\src\\api\\courseApi.js": {"path":"D:\\University\\E-Learning\\MOOC-lms\\lms-frontend\\src\\api\\courseApi.js","statementMap":{"0":{"start":{"line":3,"column":25},"end":{"line":27,"column":null}},"1":{"start":{"line":5,"column":23},"end":{"line":5,"column":null}},"2":{"start":{"line":8,"column":29},"end":{"line":8,"column":null}},"3":{"start":{"line":9,"column":29},"end":{"line":9,"column":null}},"4":{"start":{"line":12,"column":30},"end":{"line":12,"column":null}},"5":{"start":{"line":13,"column":26},"end":{"line":13,"column":null}},"6":{"start":{"line":14,"column":30},"end":{"line":14,"column":null}},"7":{"start":{"line":15,"column":27},"end":{"line":15,"column":null}},"8":{"start":{"line":18,"column":37},"end":{"line":18,"column":null}},"9":{"start":{"line":19,"column":27},"end":{"line":19,"column":null}},"10":{"start":{"line":20,"column":31},"end":{"line":20,"column":null}},"11":{"start":{"line":21,"column":25},"end":{"line":21,"column":null}},"12":{"start":{"line":23,"column":38},"end":{"line":23,"column":null}},"13":{"start":{"line":24,"column":26},"end":{"line":24,"column":null}},"14":{"start":{"line":25,"column":30},"end":{"line":25,"column":null}},"15":{"start":{"line":26,"column":24},"end":{"line":26,"column":null}}},"fnMap":{"0":{"name":"(anonymous_0)","decl":{"start":{"line":5,"column":2},"end":{"line":5,"column":23}},"loc":{"start":{"line":5,"column":23},"end":{"line":5,"column":null}},"line":5},"1":{"name":"(anonymous_1)","decl":{"start":{"line":8,"column":2},"end":{"line":8,"column":29}},"loc":{"start":{"line":8,"column":29},"end":{"line":8,"column":null}},"line":8},"2":{"name":"(anonymous_2)","decl":{"start":{"line":9,"column":2},"end":{"line":9,"column":20}},"loc":{"start":{"line":9,"column":29},"end":{"line":9,"column":null}},"line":9},"3":{"name":"(anonymous_3)","decl":{"start":{"line":12,"column":2},"end":{"line":12,"column":30}},"loc":{"start":{"line":12,"column":30},"end":{"line":12,"column":null}},"line":12},"4":{"name":"(anonymous_4)","decl":{"start":{"line":13,"column":2},"end":{"line":13,"column":17}},"loc":{"start":{"line":13,"column":26},"end":{"line":13,"column":null}},"line":13},"5":{"name":"(anonymous_5)","decl":{"start":{"line":14,"column":2},"end":{"line":14,"column":17}},"loc":{"start":{"line":14,"column":30},"end":{"line":14,"column":null}},"line":14},"6":{"name":"(anonymous_6)","decl":{"start":{"line":15,"column":2},"end":{"line":15,"column":20}},"loc":{"start":{"line":15,"column":27},"end":{"line":15,"column":null}},"line":15},"7":{"name":"(anonymous_7)","decl":{"start":{"line":18,"column":2},"end":{"line":18,"column":24}},"loc":{"start":{"line":18,"column":37},"end":{"line":18,"column":null}},"line":18},"8":{"name":"(anonymous_8)","decl":{"start":{"line":19,"column":2},"end":{"line":19,"column":18}},"loc":{"start":{"line":19,"column":27},"end":{"line":19,"column":null}},"line":19},"9":{"name":"(anonymous_9)","decl":{"start":{"line":20,"column":2},"end":{"line":20,"column":18}},"loc":{"start":{"line":20,"column":31},"end":{"line":20,"column":null}},"line":20},"10":{"name":"(anonymous_10)","decl":{"start":{"line":21,"column":2},"end":{"line":21,"column":18}},"loc":{"start":{"line":21,"column":25},"end":{"line":21,"column":null}},"line":21},"11":{"name":"(anonymous_11)","decl":{"start":{"line":23,"column":2},"end":{"line":23,"column":24}},"loc":{"start":{"line":23,"column":38},"end":{"line":23,"column":null}},"line":23},"12":{"name":"(anonymous_12)","decl":{"start":{"line":24,"column":2},"end":{"line":24,"column":17}},"loc":{"start":{"line":24,"column":26},"end":{"line":24,"column":null}},"line":24},"13":{"name":"(anonymous_13)","decl":{"start":{"line":25,"column":2},"end":{"line":25,"column":17}},"loc":{"start":{"line":25,"column":30},"end":{"line":25,"column":null}},"line":25},"14":{"name":"(anonymous_14)","decl":{"start":{"line":26,"column":2},"end":{"line":26,"column":17}},"loc":{"start":{"line":26,"column":24},"end":{"line":26,"column":null}},"line":26}},"branchMap":{},"s":{"0":3,"1":2,"2":2,"3":4,"4":1,"5":0,"6":0,"7":0,"8":0,"9":0,"10":0,"11":0,"12":0,"13":0,"14":0,"15":0},"f":{"0":2,"1":2,"2":4,"3":1,"4":0,"5":0,"6":0,"7":0,"8":0,"9":0,"10":0,"11":0,"12":0,"13":0,"14":0},"b":{},"meta":{"lastBranch":0,"lastFunction":15,"lastStatement":16,"seen":{"s:3:25:27:Infinity":0,"f:5:2:5:23":0,"s:5:23:5:Infinity":1,"f:8:2:8:29":1,"s:8:29:8:Infinity":2,"f:9:2:9:20":2,"s:9:29:9:Infinity":3,"f:12:2:12:30":3,"s:12:30:12:Infinity":4,"f:13:2:13:17":4,"s:13:26:13:Infinity":5,"f:14:2:14:17":5,"s:14:30:14:Infinity":6,"f:15:2:15:20":6,"s:15:27:15:Infinity":7,"f:18:2:18:24":7,"s:18:37:18:Infinity":8,"f:19:2:19:18":8,"s:19:27:19:Infinity":9,"f:20:2:20:18":9,"s:20:31:20:Infinity":10,"f:21:2:21:18":10,"s:21:25:21:Infinity":11,"f:23:2:23:24":11,"s:23:38:23:Infinity":12,"f:24:2:24:17":12,"s:24:26:24:Infinity":13,"f:25:2:25:17":13,"s:25:30:25:Infinity":14,"f:26:2:26:17":14,"s:26:24:26:Infinity":15},"fnNames":{}}}
,"D:\\University\\E-Learning\\MOOC-lms\\lms-frontend\\src\\api\\learningApi.js": {"path":"D:\\University\\E-Learning\\MOOC-lms\\lms-frontend\\src\\api\\learningApi.js","statementMap":{"0":{"start":{"line":3,"column":27},"end":{"line":11,"column":null}},"1":{"start":{"line":4,"column":30},"end":{"line":4,"column":null}},"2":{"start":{"line":5,"column":26},"end":{"line":5,"column":null}},"3":{"start":{"line":6,"column":33},"end":{"line":6,"column":null}},"4":{"start":{"line":9,"column":46},"end":{"line":9,"column":null}},"5":{"start":{"line":10,"column":33},"end":{"line":10,"column":null}}},"fnMap":{"0":{"name":"(anonymous_0)","decl":{"start":{"line":4,"column":2},"end":{"line":4,"column":17}},"loc":{"start":{"line":4,"column":30},"end":{"line":4,"column":null}},"line":4},"1":{"name":"(anonymous_1)","decl":{"start":{"line":5,"column":2},"end":{"line":5,"column":26}},"loc":{"start":{"line":5,"column":26},"end":{"line":5,"column":null}},"line":5},"2":{"name":"(anonymous_2)","decl":{"start":{"line":6,"column":2},"end":{"line":6,"column":20}},"loc":{"start":{"line":6,"column":33},"end":{"line":6,"column":null}},"line":6},"3":{"name":"(anonymous_3)","decl":{"start":{"line":9,"column":2},"end":{"line":9,"column":19}},"loc":{"start":{"line":9,"column":46},"end":{"line":9,"column":null}},"line":9},"4":{"name":"(anonymous_4)","decl":{"start":{"line":10,"column":2},"end":{"line":10,"column":16}},"loc":{"start":{"line":10,"column":33},"end":{"line":10,"column":null}},"line":10}},"branchMap":{},"s":{"0":2,"1":0,"2":1,"3":1,"4":0,"5":0},"f":{"0":0,"1":1,"2":1,"3":0,"4":0},"b":{},"meta":{"lastBranch":0,"lastFunction":5,"lastStatement":6,"seen":{"s:3:27:11:Infinity":0,"f:4:2:4:17":0,"s:4:30:4:Infinity":1,"f:5:2:5:26":1,"s:5:26:5:Infinity":2,"f:6:2:6:20":2,"s:6:33:6:Infinity":3,"f:9:2:9:19":3,"s:9:46:9:Infinity":4,"f:10:2:10:16":4,"s:10:33:10:Infinity":5},"fnNames":{}}}
,"D:\\University\\E-Learning\\MOOC-lms\\lms-frontend\\src\\api\\quizApi.js": {"path":"D:\\University\\E-Learning\\MOOC-lms\\lms-frontend\\src\\api\\quizApi.js","statementMap":{"0":{"start":{"line":3,"column":23},"end":{"line":13,"column":null}},"1":{"start":{"line":5,"column":24},"end":{"line":5,"column":null}},"2":{"start":{"line":8,"column":36},"end":{"line":8,"column":null}},"3":{"start":{"line":9,"column":23},"end":{"line":9,"column":null}},"4":{"start":{"line":12,"column":28},"end":{"line":12,"column":null}}},"fnMap":{"0":{"name":"(anonymous_0)","decl":{"start":{"line":5,"column":2},"end":{"line":5,"column":15}},"loc":{"start":{"line":5,"column":24},"end":{"line":5,"column":null}},"line":5},"1":{"name":"(anonymous_1)","decl":{"start":{"line":8,"column":2},"end":{"line":8,"column":23}},"loc":{"start":{"line":8,"column":36},"end":{"line":8,"column":null}},"line":8},"2":{"name":"(anonymous_2)","decl":{"start":{"line":9,"column":2},"end":{"line":9,"column":16}},"loc":{"start":{"line":9,"column":23},"end":{"line":9,"column":null}},"line":9},"3":{"name":"(anonymous_3)","decl":{"start":{"line":12,"column":2},"end":{"line":12,"column":15}},"loc":{"start":{"line":12,"column":28},"end":{"line":12,"column":null}},"line":12}},"branchMap":{},"s":{"0":2,"1":0,"2":0,"3":2,"4":1},"f":{"0":0,"1":0,"2":2,"3":1},"b":{},"meta":{"lastBranch":0,"lastFunction":4,"lastStatement":5,"seen":{"s:3:23:13:Infinity":0,"f:5:2:5:15":0,"s:5:24:5:Infinity":1,"f:8:2:8:23":1,"s:8:36:8:Infinity":2,"f:9:2:9:16":2,"s:9:23:9:Infinity":3,"f:12:2:12:15":3,"s:12:28:12:Infinity":4},"fnNames":{}}}
,"D:\\University\\E-Learning\\MOOC-lms\\lms-frontend\\src\\components\\auth\\AuthModal.jsx": {"path":"D:\\University\\E-Learning\\MOOC-lms\\lms-frontend\\src\\components\\auth\\AuthModal.jsx","statementMap":{"0":{"start":{"line":19,"column":13},"end":{"line":675,"column":null}},"1":{"start":{"line":20,"column":47},"end":{"line":20,"column":55}},"2":{"start":{"line":21,"column":24},"end":{"line":21,"column":33}},"3":{"start":{"line":23,"column":26},"end":{"line":23,"column":null}},"4":{"start":{"line":26,"column":38},"end":{"line":26,"column":null}},"5":{"start":{"line":27,"column":44},"end":{"line":27,"column":null}},"6":{"start":{"line":28,"column":38},"end":{"line":28,"column":null}},"7":{"start":{"line":29,"column":42},"end":{"line":29,"column":null}},"8":{"start":{"line":32,"column":34},"end":{"line":32,"column":null}},"9":{"start":{"line":33,"column":34},"end":{"line":33,"column":null}},"10":{"start":{"line":34,"column":40},"end":{"line":34,"column":null}},"11":{"start":{"line":35,"column":48},"end":{"line":35,"column":null}},"12":{"start":{"line":36,"column":26},"end":{"line":36,"column":null}},"13":{"start":{"line":37,"column":44},"end":{"line":37,"column":null}},"14":{"start":{"line":38,"column":38},"end":{"line":38,"column":null}},"15":{"start":{"line":39,"column":38},"end":{"line":44,"column":null}},"16":{"start":{"line":46,"column":40},"end":{"line":46,"column":null}},"17":{"start":{"line":47,"column":32},"end":{"line":47,"column":null}},"18":{"start":{"line":50,"column":2},"end":{"line":59,"column":null}},"19":{"start":{"line":51,"column":4},"end":{"line":58,"column":null}},"20":{"start":{"line":52,"column":6},"end":{"line":52,"column":null}},"21":{"start":{"line":53,"column":6},"end":{"line":53,"column":null}},"22":{"start":{"line":54,"column":6},"end":{"line":54,"column":null}},"23":{"start":{"line":55,"column":6},"end":{"line":55,"column":null}},"24":{"start":{"line":56,"column":6},"end":{"line":56,"column":null}},"25":{"start":{"line":57,"column":6},"end":{"line":57,"column":null}},"26":{"start":{"line":61,"column":2},"end":{"line":61,"column":null}},"27":{"start":{"line":61,"column":15},"end":{"line":61,"column":null}},"28":{"start":{"line":64,"column":8},"end":{"line":64,"column":null}},"29":{"start":{"line":64,"column":34},"end":{"line":64,"column":null}},"30":{"start":{"line":65,"column":8},"end":{"line":65,"column":null}},"31":{"start":{"line":65,"column":35},"end":{"line":65,"column":null}},"32":{"start":{"line":66,"column":8},"end":{"line":66,"column":null}},"33":{"start":{"line":66,"column":32},"end":{"line":66,"column":null}},"34":{"start":{"line":67,"column":8},"end":{"line":67,"column":null}},"35":{"start":{"line":67,"column":50},"end":{"line":67,"column":null}},"36":{"start":{"line":70,"column":22},"end":{"line":77,"column":null}},"37":{"start":{"line":79,"column":27},"end":{"line":79,"column":null}},"38":{"start":{"line":82,"column":20},"end":{"line":95,"column":null}},"39":{"start":{"line":98,"column":4},"end":{"line":102,"column":null}},"40":{"start":{"line":105,"column":28},"end":{"line":129,"column":null}},"41":{"start":{"line":106,"column":4},"end":{"line":106,"column":null}},"42":{"start":{"line":107,"column":4},"end":{"line":107,"column":null}},"43":{"start":{"line":108,"column":4},"end":{"line":108,"column":null}},"44":{"start":{"line":108,"column":27},"end":{"line":108,"column":null}},"45":{"start":{"line":110,"column":4},"end":{"line":110,"column":null}},"46":{"start":{"line":111,"column":4},"end":{"line":111,"column":null}},"47":{"start":{"line":113,"column":4},"end":{"line":128,"column":null}},"48":{"start":{"line":114,"column":27},"end":{"line":114,"column":null}},"49":{"start":{"line":115,"column":6},"end":{"line":115,"column":null}},"50":{"start":{"line":116,"column":6},"end":{"line":120,"column":null}},"51":{"start":{"line":117,"column":8},"end":{"line":117,"column":null}},"52":{"start":{"line":119,"column":8},"end":{"line":119,"column":null}},"53":{"start":{"line":122,"column":6},"end":{"line":125,"column":null}},"54":{"start":{"line":127,"column":6},"end":{"line":127,"column":null}},"55":{"start":{"line":132,"column":31},"end":{"line":169,"column":null}},"56":{"start":{"line":133,"column":4},"end":{"line":133,"column":null}},"57":{"start":{"line":134,"column":4},"end":{"line":134,"column":null}},"58":{"start":{"line":135,"column":4},"end":{"line":135,"column":null}},"59":{"start":{"line":135,"column":25},"end":{"line":135,"column":null}},"60":{"start":{"line":137,"column":4},"end":{"line":137,"column":null}},"61":{"start":{"line":138,"column":4},"end":{"line":138,"column":null}},"62":{"start":{"line":140,"column":4},"end":{"line":168,"column":null}},"63":{"start":{"line":141,"column":29},"end":{"line":147,"column":null}},"64":{"start":{"line":149,"column":6},"end":{"line":154,"column":null}},"65":{"start":{"line":156,"column":6},"end":{"line":160,"column":null}},"66":{"start":{"line":157,"column":8},"end":{"line":157,"column":null}},"67":{"start":{"line":159,"column":8},"end":{"line":159,"column":null}},"68":{"start":{"line":162,"column":6},"end":{"line":165,"column":null}},"69":{"start":{"line":167,"column":6},"end":{"line":167,"column":null}},"70":{"start":{"line":172,"column":28},"end":{"line":188,"column":null}},"71":{"start":{"line":173,"column":4},"end":{"line":173,"column":null}},"72":{"start":{"line":174,"column":4},"end":{"line":174,"column":null}},"73":{"start":{"line":175,"column":4},"end":{"line":187,"column":null}},"74":{"start":{"line":176,"column":6},"end":{"line":176,"column":null}},"75":{"start":{"line":177,"column":6},"end":{"line":177,"column":null}},"76":{"start":{"line":178,"column":6},"end":{"line":182,"column":null}},"77":{"start":{"line":179,"column":8},"end":{"line":179,"column":null}},"78":{"start":{"line":181,"column":8},"end":{"line":181,"column":null}},"79":{"start":{"line":184,"column":6},"end":{"line":184,"column":null}},"80":{"start":{"line":186,"column":6},"end":{"line":186,"column":null}},"81":{"start":{"line":190,"column":2},"end":{"line":673,"column":null}},"82":{"start":{"line":295,"column":24},"end":{"line":295,"column":null}},"83":{"start":{"line":296,"column":24},"end":{"line":296,"column":null}},"84":{"start":{"line":296,"column":49},"end":{"line":296,"column":null}},"85":{"start":{"line":296,"column":73},"end":{"line":296,"column":95}},"86":{"start":{"line":298,"column":36},"end":{"line":298,"column":null}},"87":{"start":{"line":298,"column":60},"end":{"line":298,"column":82}},"88":{"start":{"line":325,"column":24},"end":{"line":325,"column":null}},"89":{"start":{"line":326,"column":24},"end":{"line":326,"column":null}},"90":{"start":{"line":326,"column":52},"end":{"line":326,"column":null}},"91":{"start":{"line":326,"column":76},"end":{"line":326,"column":101}},"92":{"start":{"line":328,"column":36},"end":{"line":328,"column":null}},"93":{"start":{"line":328,"column":60},"end":{"line":328,"column":85}},"94":{"start":{"line":350,"column":39},"end":{"line":350,"column":null}},"95":{"start":{"line":358,"column":35},"end":{"line":358,"column":null}},"96":{"start":{"line":400,"column":37},"end":{"line":400,"column":null}},"97":{"start":{"line":413,"column":37},"end":{"line":413,"column":null}},"98":{"start":{"line":437,"column":24},"end":{"line":437,"column":null}},"99":{"start":{"line":438,"column":24},"end":{"line":438,"column":null}},"100":{"start":{"line":438,"column":50},"end":{"line":438,"column":null}},"101":{"start":{"line":438,"column":72},"end":{"line":438,"column":97}},"102":{"start":{"line":440,"column":36},"end":{"line":440,"column":null}},"103":{"start":{"line":440,"column":58},"end":{"line":440,"column":83}},"104":{"start":{"line":467,"column":24},"end":{"line":467,"column":null}},"105":{"start":{"line":468,"column":24},"end":{"line":468,"column":null}},"106":{"start":{"line":468,"column":47},"end":{"line":468,"column":null}},"107":{"start":{"line":468,"column":69},"end":{"line":468,"column":91}},"108":{"start":{"line":470,"column":36},"end":{"line":470,"column":null}},"109":{"start":{"line":470,"column":58},"end":{"line":470,"column":80}},"110":{"start":{"line":497,"column":24},"end":{"line":497,"column":null}},"111":{"start":{"line":498,"column":24},"end":{"line":498,"column":null}},"112":{"start":{"line":498,"column":50},"end":{"line":498,"column":null}},"113":{"start":{"line":498,"column":72},"end":{"line":498,"column":97}},"114":{"start":{"line":500,"column":36},"end":{"line":500,"column":null}},"115":{"start":{"line":500,"column":58},"end":{"line":500,"column":83}},"116":{"start":{"line":527,"column":24},"end":{"line":527,"column":null}},"117":{"start":{"line":528,"column":24},"end":{"line":528,"column":null}},"118":{"start":{"line":528,"column":57},"end":{"line":528,"column":null}},"119":{"start":{"line":528,"column":79},"end":{"line":528,"column":111}},"120":{"start":{"line":530,"column":36},"end":{"line":530,"column":null}},"121":{"start":{"line":530,"column":58},"end":{"line":530,"column":90}},"122":{"start":{"line":554,"column":39},"end":{"line":554,"column":null}},"123":{"start":{"line":575,"column":39},"end":{"line":575,"column":null}},"124":{"start":{"line":579,"column":65},"end":{"line":579,"column":85}},"125":{"start":{"line":579,"column":190},"end":{"line":579,"column":210}},"126":{"start":{"line":613,"column":22},"end":{"line":613,"column":null}},"127":{"start":{"line":614,"column":22},"end":{"line":614,"column":null}},"128":{"start":{"line":627,"column":22},"end":{"line":627,"column":null}},"129":{"start":{"line":628,"column":22},"end":{"line":628,"column":null}},"130":{"start":{"line":647,"column":33},"end":{"line":647,"column":null}},"131":{"start":{"line":654,"column":33},"end":{"line":654,"column":null}},"132":{"start":{"line":661,"column":33},"end":{"line":661,"column":null}}},"fnMap":{"0":{"name":"(anonymous_0)","decl":{"start":{"line":19,"column":13},"end":{"line":19,"column":26}},"loc":{"start":{"line":19,"column":88},"end":{"line":675,"column":null}},"line":19},"1":{"name":"(anonymous_1)","decl":{"start":{"line":50,"column":2},"end":{"line":50,"column":18}},"loc":{"start":{"line":50,"column":18},"end":{"line":59,"column":5}},"line":50},"2":{"name":"(anonymous_2)","decl":{"start":{"line":64,"column":8},"end":{"line":64,"column":24}},"loc":{"start":{"line":64,"column":34},"end":{"line":64,"column":null}},"line":64},"3":{"name":"(anonymous_3)","decl":{"start":{"line":65,"column":8},"end":{"line":65,"column":27}},"loc":{"start":{"line":65,"column":35},"end":{"line":65,"column":null}},"line":65},"4":{"name":"(anonymous_4)","decl":{"start":{"line":66,"column":8},"end":{"line":66,"column":23}},"loc":{"start":{"line":66,"column":32},"end":{"line":66,"column":null}},"line":66},"5":{"name":"(anonymous_5)","decl":{"start":{"line":67,"column":8},"end":{"line":67,"column":30}},"loc":{"start":{"line":67,"column":50},"end":{"line":67,"column":null}},"line":67},"6":{"name":"(anonymous_6)","decl":{"start":{"line":105,"column":28},"end":{"line":105,"column":35}},"loc":{"start":{"line":105,"column":41},"end":{"line":129,"column":null}},"line":105},"7":{"name":"(anonymous_7)","decl":{"start":{"line":132,"column":31},"end":{"line":132,"column":38}},"loc":{"start":{"line":132,"column":44},"end":{"line":169,"column":null}},"line":132},"8":{"name":"(anonymous_8)","decl":{"start":{"line":172,"column":28},"end":{"line":172,"column":35}},"loc":{"start":{"line":172,"column":50},"end":{"line":188,"column":null}},"line":172},"9":{"name":"(anonymous_9)","decl":{"start":{"line":294,"column":22},"end":{"line":294,"column":33}},"loc":{"start":{"line":294,"column":39},"end":{"line":297,"column":null}},"line":294},"10":{"name":"(anonymous_10)","decl":{"start":{"line":296,"column":49},"end":{"line":296,"column":66}},"loc":{"start":{"line":296,"column":73},"end":{"line":296,"column":95}},"line":296},"11":{"name":"(anonymous_11)","decl":{"start":{"line":298,"column":22},"end":{"line":298,"column":36}},"loc":{"start":{"line":298,"column":36},"end":{"line":298,"column":null}},"line":298},"12":{"name":"(anonymous_12)","decl":{"start":{"line":298,"column":36},"end":{"line":298,"column":53}},"loc":{"start":{"line":298,"column":60},"end":{"line":298,"column":82}},"line":298},"13":{"name":"(anonymous_13)","decl":{"start":{"line":324,"column":22},"end":{"line":324,"column":33}},"loc":{"start":{"line":324,"column":39},"end":{"line":327,"column":null}},"line":324},"14":{"name":"(anonymous_14)","decl":{"start":{"line":326,"column":52},"end":{"line":326,"column":69}},"loc":{"start":{"line":326,"column":76},"end":{"line":326,"column":101}},"line":326},"15":{"name":"(anonymous_15)","decl":{"start":{"line":328,"column":22},"end":{"line":328,"column":36}},"loc":{"start":{"line":328,"column":36},"end":{"line":328,"column":null}},"line":328},"16":{"name":"(anonymous_16)","decl":{"start":{"line":328,"column":36},"end":{"line":328,"column":53}},"loc":{"start":{"line":328,"column":60},"end":{"line":328,"column":85}},"line":328},"17":{"name":"(anonymous_17)","decl":{"start":{"line":350,"column":22},"end":{"line":350,"column":33}},"loc":{"start":{"line":350,"column":39},"end":{"line":350,"column":null}},"line":350},"18":{"name":"(anonymous_18)","decl":{"start":{"line":358,"column":20},"end":{"line":358,"column":35}},"loc":{"start":{"line":358,"column":35},"end":{"line":358,"column":null}},"line":358},"19":{"name":"(anonymous_19)","decl":{"start":{"line":400,"column":22},"end":{"line":400,"column":37}},"loc":{"start":{"line":400,"column":37},"end":{"line":400,"column":null}},"line":400},"20":{"name":"(anonymous_20)","decl":{"start":{"line":413,"column":22},"end":{"line":413,"column":37}},"loc":{"start":{"line":413,"column":37},"end":{"line":413,"column":null}},"line":413},"21":{"name":"(anonymous_21)","decl":{"start":{"line":436,"column":22},"end":{"line":436,"column":33}},"loc":{"start":{"line":436,"column":39},"end":{"line":439,"column":null}},"line":436},"22":{"name":"(anonymous_22)","decl":{"start":{"line":438,"column":50},"end":{"line":438,"column":65}},"loc":{"start":{"line":438,"column":72},"end":{"line":438,"column":97}},"line":438},"23":{"name":"(anonymous_23)","decl":{"start":{"line":440,"column":22},"end":{"line":440,"column":36}},"loc":{"start":{"line":440,"column":36},"end":{"line":440,"column":null}},"line":440},"24":{"name":"(anonymous_24)","decl":{"start":{"line":440,"column":36},"end":{"line":440,"column":51}},"loc":{"start":{"line":440,"column":58},"end":{"line":440,"column":83}},"line":440},"25":{"name":"(anonymous_25)","decl":{"start":{"line":466,"column":22},"end":{"line":466,"column":33}},"loc":{"start":{"line":466,"column":39},"end":{"line":469,"column":null}},"line":466},"26":{"name":"(anonymous_26)","decl":{"start":{"line":468,"column":47},"end":{"line":468,"column":62}},"loc":{"start":{"line":468,"column":69},"end":{"line":468,"column":91}},"line":468},"27":{"name":"(anonymous_27)","decl":{"start":{"line":470,"column":22},"end":{"line":470,"column":36}},"loc":{"start":{"line":470,"column":36},"end":{"line":470,"column":null}},"line":470},"28":{"name":"(anonymous_28)","decl":{"start":{"line":470,"column":36},"end":{"line":470,"column":51}},"loc":{"start":{"line":470,"column":58},"end":{"line":470,"column":80}},"line":470},"29":{"name":"(anonymous_29)","decl":{"start":{"line":496,"column":22},"end":{"line":496,"column":33}},"loc":{"start":{"line":496,"column":39},"end":{"line":499,"column":null}},"line":496},"30":{"name":"(anonymous_30)","decl":{"start":{"line":498,"column":50},"end":{"line":498,"column":65}},"loc":{"start":{"line":498,"column":72},"end":{"line":498,"column":97}},"line":498},"31":{"name":"(anonymous_31)","decl":{"start":{"line":500,"column":22},"end":{"line":500,"column":36}},"loc":{"start":{"line":500,"column":36},"end":{"line":500,"column":null}},"line":500},"32":{"name":"(anonymous_32)","decl":{"start":{"line":500,"column":36},"end":{"line":500,"column":51}},"loc":{"start":{"line":500,"column":58},"end":{"line":500,"column":83}},"line":500},"33":{"name":"(anonymous_33)","decl":{"start":{"line":526,"column":22},"end":{"line":526,"column":33}},"loc":{"start":{"line":526,"column":39},"end":{"line":529,"column":null}},"line":526},"34":{"name":"(anonymous_34)","decl":{"start":{"line":528,"column":57},"end":{"line":528,"column":72}},"loc":{"start":{"line":528,"column":79},"end":{"line":528,"column":111}},"line":528},"35":{"name":"(anonymous_35)","decl":{"start":{"line":530,"column":22},"end":{"line":530,"column":36}},"loc":{"start":{"line":530,"column":36},"end":{"line":530,"column":null}},"line":530},"36":{"name":"(anonymous_36)","decl":{"start":{"line":530,"column":36},"end":{"line":530,"column":51}},"loc":{"start":{"line":530,"column":58},"end":{"line":530,"column":90}},"line":530},"37":{"name":"(anonymous_37)","decl":{"start":{"line":554,"column":22},"end":{"line":554,"column":33}},"loc":{"start":{"line":554,"column":39},"end":{"line":554,"column":null}},"line":554},"38":{"name":"(anonymous_38)","decl":{"start":{"line":575,"column":22},"end":{"line":575,"column":33}},"loc":{"start":{"line":575,"column":39},"end":{"line":575,"column":null}},"line":575},"39":{"name":"(anonymous_39)","decl":{"start":{"line":579,"column":49},"end":{"line":579,"column":59}},"loc":{"start":{"line":579,"column":65},"end":{"line":579,"column":85}},"line":579},"40":{"name":"(anonymous_40)","decl":{"start":{"line":579,"column":174},"end":{"line":579,"column":184}},"loc":{"start":{"line":579,"column":190},"end":{"line":579,"column":210}},"line":579},"41":{"name":"(anonymous_41)","decl":{"start":{"line":612,"column":20},"end":{"line":612,"column":35}},"loc":{"start":{"line":612,"column":35},"end":{"line":615,"column":null}},"line":612},"42":{"name":"(anonymous_42)","decl":{"start":{"line":626,"column":20},"end":{"line":626,"column":35}},"loc":{"start":{"line":626,"column":35},"end":{"line":629,"column":null}},"line":626},"43":{"name":"(anonymous_43)","decl":{"start":{"line":647,"column":18},"end":{"line":647,"column":33}},"loc":{"start":{"line":647,"column":33},"end":{"line":647,"column":null}},"line":647},"44":{"name":"(anonymous_44)","decl":{"start":{"line":654,"column":18},"end":{"line":654,"column":33}},"loc":{"start":{"line":654,"column":33},"end":{"line":654,"column":null}},"line":654},"45":{"name":"(anonymous_45)","decl":{"start":{"line":661,"column":18},"end":{"line":661,"column":33}},"loc":{"start":{"line":661,"column":33},"end":{"line":661,"column":null}},"line":661}},"branchMap":{"0":{"loc":{"start":{"line":19,"column":45},"end":{"line":19,"column":68}},"type":"default-arg","locations":[{"start":{"line":19,"column":59},"end":{"line":19,"column":68}}],"line":19},"1":{"loc":{"start":{"line":51,"column":4},"end":{"line":58,"column":null}},"type":"if","locations":[{"start":{"line":51,"column":4},"end":{"line":58,"column":null}},{"start":{},"end":{}}],"line":51},"2":{"loc":{"start":{"line":61,"column":2},"end":{"line":61,"column":null}},"type":"if","locations":[{"start":{"line":61,"column":2},"end":{"line":61,"column":null}},{"start":{},"end":{}}],"line":61},"3":{"loc":{"start":{"line":67,"column":50},"end":{"line":67,"column":null}},"type":"binary-expr","locations":[{"start":{"line":67,"column":50},"end":{"line":67,"column":69}},{"start":{"line":67,"column":69},"end":{"line":67,"column":null}}],"line":67},"4":{"loc":{"start":{"line":71,"column":11},"end":{"line":73,"column":null}},"type":"cond-expr","locations":[{"start":{"line":72,"column":9},"end":{"line":72,"column":null}},{"start":{"line":73,"column":8},"end":{"line":73,"column":null}}],"line":71},"5":{"loc":{"start":{"line":71,"column":11},"end":{"line":71,"column":null}},"type":"binary-expr","locations":[{"start":{"line":71,"column":11},"end":{"line":71,"column":33}},{"start":{"line":71,"column":33},"end":{"line":71,"column":null}}],"line":71},"6":{"loc":{"start":{"line":72,"column":9},"end":{"line":72,"column":null}},"type":"cond-expr","locations":[{"start":{"line":72,"column":30},"end":{"line":72,"column":62}},{"start":{"line":72,"column":62},"end":{"line":72,"column":null}}],"line":72},"7":{"loc":{"start":{"line":74,"column":14},"end":{"line":76,"column":null}},"type":"cond-expr","locations":[{"start":{"line":75,"column":9},"end":{"line":75,"column":null}},{"start":{"line":76,"column":8},"end":{"line":76,"column":null}}],"line":74},"8":{"loc":{"start":{"line":74,"column":14},"end":{"line":74,"column":null}},"type":"binary-expr","locations":[{"start":{"line":74,"column":14},"end":{"line":74,"column":39}},{"start":{"line":74,"column":39},"end":{"line":74,"column":null}}],"line":74},"9":{"loc":{"start":{"line":75,"column":9},"end":{"line":75,"column":null}},"type":"cond-expr","locations":[{"start":{"line":75,"column":26},"end":{"line":75,"column":53}},{"start":{"line":75,"column":53},"end":{"line":75,"column":null}}],"line":75},"10":{"loc":{"start":{"line":79,"column":27},"end":{"line":79,"column":null}},"type":"binary-expr","locations":[{"start":{"line":79,"column":27},"end":{"line":79,"column":55}},{"start":{"line":79,"column":55},"end":{"line":79,"column":null}}],"line":79},"11":{"loc":{"start":{"line":83,"column":14},"end":{"line":85,"column":null}},"type":"cond-expr","locations":[{"start":{"line":84,"column":9},"end":{"line":84,"column":null}},{"start":{"line":85,"column":8},"end":{"line":85,"column":null}}],"line":83},"12":{"loc":{"start":{"line":83,"column":14},"end":{"line":83,"column":null}},"type":"binary-expr","locations":[{"start":{"line":83,"column":14},"end":{"line":83,"column":37}},{"start":{"line":83,"column":37},"end":{"line":83,"column":null}}],"line":83},"13":{"loc":{"start":{"line":84,"column":9},"end":{"line":84,"column":null}},"type":"cond-expr","locations":[{"start":{"line":84,"column":28},"end":{"line":84,"column":56}},{"start":{"line":84,"column":56},"end":{"line":84,"column":null}}],"line":84},"14":{"loc":{"start":{"line":86,"column":11},"end":{"line":88,"column":null}},"type":"cond-expr","locations":[{"start":{"line":87,"column":9},"end":{"line":87,"column":null}},{"start":{"line":88,"column":8},"end":{"line":88,"column":null}}],"line":86},"15":{"loc":{"start":{"line":86,"column":11},"end":{"line":86,"column":null}},"type":"binary-expr","locations":[{"start":{"line":86,"column":11},"end":{"line":86,"column":31}},{"start":{"line":86,"column":31},"end":{"line":86,"column":null}}],"line":86},"16":{"loc":{"start":{"line":87,"column":9},"end":{"line":87,"column":null}},"type":"cond-expr","locations":[{"start":{"line":87,"column":28},"end":{"line":87,"column":60}},{"start":{"line":87,"column":60},"end":{"line":87,"column":null}}],"line":87},"17":{"loc":{"start":{"line":89,"column":14},"end":{"line":91,"column":null}},"type":"cond-expr","locations":[{"start":{"line":90,"column":9},"end":{"line":90,"column":null}},{"start":{"line":91,"column":8},"end":{"line":91,"column":null}}],"line":89},"18":{"loc":{"start":{"line":89,"column":14},"end":{"line":89,"column":null}},"type":"binary-expr","locations":[{"start":{"line":89,"column":14},"end":{"line":89,"column":37}},{"start":{"line":89,"column":37},"end":{"line":89,"column":null}}],"line":89},"19":{"loc":{"start":{"line":90,"column":9},"end":{"line":90,"column":null}},"type":"cond-expr","locations":[{"start":{"line":90,"column":24},"end":{"line":90,"column":51}},{"start":{"line":90,"column":51},"end":{"line":90,"column":null}}],"line":90},"20":{"loc":{"start":{"line":92,"column":21},"end":{"line":94,"column":null}},"type":"cond-expr","locations":[{"start":{"line":93,"column":9},"end":{"line":93,"column":null}},{"start":{"line":94,"column":8},"end":{"line":94,"column":null}}],"line":92},"21":{"loc":{"start":{"line":92,"column":21},"end":{"line":92,"column":null}},"type":"binary-expr","locations":[{"start":{"line":92,"column":21},"end":{"line":92,"column":51}},{"start":{"line":92,"column":51},"end":{"line":92,"column":null}}],"line":92},"22":{"loc":{"start":{"line":93,"column":9},"end":{"line":93,"column":null}},"type":"cond-expr","locations":[{"start":{"line":93,"column":28},"end":{"line":93,"column":63}},{"start":{"line":93,"column":63},"end":{"line":93,"column":null}}],"line":93},"23":{"loc":{"start":{"line":98,"column":4},"end":{"line":102,"column":null}},"type":"binary-expr","locations":[{"start":{"line":98,"column":4},"end":{"line":98,"column":null}},{"start":{"line":99,"column":4},"end":{"line":99,"column":null}},{"start":{"line":100,"column":4},"end":{"line":100,"column":null}},{"start":{"line":101,"column":4},"end":{"line":101,"column":null}},{"start":{"line":102,"column":4},"end":{"line":102,"column":null}}],"line":98},"24":{"loc":{"start":{"line":108,"column":4},"end":{"line":108,"column":null}},"type":"if","locations":[{"start":{"line":108,"column":4},"end":{"line":108,"column":null}},{"start":{},"end":{}}],"line":108},"25":{"loc":{"start":{"line":116,"column":6},"end":{"line":120,"column":null}},"type":"if","locations":[{"start":{"line":116,"column":6},"end":{"line":120,"column":null}},{"start":{"line":118,"column":13},"end":{"line":120,"column":null}}],"line":116},"26":{"loc":{"start":{"line":117,"column":22},"end":{"line":117,"column":58}},"type":"binary-expr","locations":[{"start":{"line":117,"column":22},"end":{"line":117,"column":44}},{"start":{"line":117,"column":44},"end":{"line":117,"column":58}}],"line":117},"27":{"loc":{"start":{"line":123,"column":8},"end":{"line":124,"column":null}},"type":"binary-expr","locations":[{"start":{"line":123,"column":8},"end":{"line":123,"column":null}},{"start":{"line":124,"column":8},"end":{"line":124,"column":null}}],"line":123},"28":{"loc":{"start":{"line":135,"column":4},"end":{"line":135,"column":null}},"type":"if","locations":[{"start":{"line":135,"column":4},"end":{"line":135,"column":null}},{"start":{},"end":{}}],"line":135},"29":{"loc":{"start":{"line":146,"column":23},"end":{"line":146,"column":null}},"type":"cond-expr","locations":[{"start":{"line":146,"column":52},"end":{"line":146,"column":68}},{"start":{"line":146,"column":68},"end":{"line":146,"column":null}}],"line":146},"30":{"loc":{"start":{"line":150,"column":8},"end":{"line":152,"column":null}},"type":"cond-expr","locations":[{"start":{"line":151,"column":12},"end":{"line":151,"column":null}},{"start":{"line":152,"column":12},"end":{"line":152,"column":null}}],"line":150},"31":{"loc":{"start":{"line":156,"column":6},"end":{"line":160,"column":null}},"type":"if","locations":[{"start":{"line":156,"column":6},"end":{"line":160,"column":null}},{"start":{"line":158,"column":13},"end":{"line":160,"column":null}}],"line":156},"32":{"loc":{"start":{"line":157,"column":22},"end":{"line":157,"column":50}},"type":"binary-expr","locations":[{"start":{"line":157,"column":22},"end":{"line":157,"column":46}},{"start":{"line":157,"column":46},"end":{"line":157,"column":50}}],"line":157},"33":{"loc":{"start":{"line":163,"column":8},"end":{"line":164,"column":null}},"type":"binary-expr","locations":[{"start":{"line":163,"column":8},"end":{"line":163,"column":null}},{"start":{"line":164,"column":8},"end":{"line":164,"column":null}}],"line":163},"34":{"loc":{"start":{"line":177,"column":42},"end":{"line":177,"column":151}},"type":"cond-expr","locations":[{"start":{"line":177,"column":72},"end":{"line":177,"column":90}},{"start":{"line":177,"column":90},"end":{"line":177,"column":151}}],"line":177},"35":{"loc":{"start":{"line":177,"column":90},"end":{"line":177,"column":151}},"type":"cond-expr","locations":[{"start":{"line":177,"column":125},"end":{"line":177,"column":140}},{"start":{"line":177,"column":140},"end":{"line":177,"column":151}}],"line":177},"36":{"loc":{"start":{"line":178,"column":6},"end":{"line":182,"column":null}},"type":"if","locations":[{"start":{"line":178,"column":6},"end":{"line":182,"column":null}},{"start":{"line":180,"column":13},"end":{"line":182,"column":null}}],"line":178},"37":{"loc":{"start":{"line":224,"column":17},"end":{"line":224,"column":null}},"type":"cond-expr","locations":[{"start":{"line":224,"column":36},"end":{"line":224,"column":81}},{"start":{"line":224,"column":81},"end":{"line":224,"column":null}}],"line":224},"38":{"loc":{"start":{"line":261,"column":17},"end":{"line":261,"column":null}},"type":"cond-expr","locations":[{"start":{"line":261,"column":36},"end":{"line":261,"column":60}},{"start":{"line":261,"column":60},"end":{"line":261,"column":null}}],"line":261},"39":{"loc":{"start":{"line":264,"column":17},"end":{"line":266,"column":null}},"type":"cond-expr","locations":[{"start":{"line":265,"column":20},"end":{"line":265,"column":null}},{"start":{"line":266,"column":20},"end":{"line":266,"column":null}}],"line":264},"40":{"loc":{"start":{"line":271,"column":13},"end":{"line":275,"column":null}},"type":"binary-expr","locations":[{"start":{"line":271,"column":13},"end":{"line":271,"column":null}},{"start":{"line":272,"column":14},"end":{"line":275,"column":null}}],"line":271},"41":{"loc":{"start":{"line":281,"column":13},"end":{"line":383,"column":null}},"type":"binary-expr","locations":[{"start":{"line":281,"column":13},"end":{"line":281,"column":null}},{"start":{"line":282,"column":14},"end":{"line":383,"column":null}}],"line":281},"42":{"loc":{"start":{"line":296,"column":24},"end":{"line":296,"column":null}},"type":"if","locations":[{"start":{"line":296,"column":24},"end":{"line":296,"column":null}},{"start":{},"end":{}}],"line":296},"43":{"loc":{"start":{"line":301,"column":24},"end":{"line":303,"column":null}},"type":"cond-expr","locations":[{"start":{"line":302,"column":28},"end":{"line":302,"column":null}},{"start":{"line":303,"column":28},"end":{"line":303,"column":null}}],"line":301},"44":{"loc":{"start":{"line":307,"column":19},"end":{"line":310,"column":null}},"type":"binary-expr","locations":[{"start":{"line":307,"column":19},"end":{"line":307,"column":null}},{"start":{"line":308,"column":20},"end":{"line":310,"column":null}}],"line":307},"45":{"loc":{"start":{"line":326,"column":24},"end":{"line":326,"column":null}},"type":"if","locations":[{"start":{"line":326,"column":24},"end":{"line":326,"column":null}},{"start":{},"end":{}}],"line":326},"46":{"loc":{"start":{"line":331,"column":24},"end":{"line":333,"column":null}},"type":"cond-expr","locations":[{"start":{"line":332,"column":28},"end":{"line":332,"column":null}},{"start":{"line":333,"column":28},"end":{"line":333,"column":null}}],"line":331},"47":{"loc":{"start":{"line":337,"column":19},"end":{"line":340,"column":null}},"type":"binary-expr","locations":[{"start":{"line":337,"column":19},"end":{"line":337,"column":null}},{"start":{"line":338,"column":20},"end":{"line":340,"column":null}}],"line":337},"48":{"loc":{"start":{"line":368,"column":28},"end":{"line":368,"column":null}},"type":"binary-expr","locations":[{"start":{"line":368,"column":28},"end":{"line":368,"column":49}},{"start":{"line":368,"column":49},"end":{"line":368,"column":null}}],"line":368},"49":{"loc":{"start":{"line":371,"column":19},"end":{"line":380,"column":null}},"type":"cond-expr","locations":[{"start":{"line":372,"column":20},"end":{"line":377,"column":null}},{"start":{"line":377,"column":20},"end":{"line":380,"column":null}}],"line":371},"50":{"loc":{"start":{"line":389,"column":13},"end":{"line":602,"column":null}},"type":"binary-expr","locations":[{"start":{"line":389,"column":13},"end":{"line":389,"column":null}},{"start":{"line":390,"column":14},"end":{"line":602,"column":null}}],"line":389},"51":{"loc":{"start":{"line":402,"column":24},"end":{"line":404,"column":null}},"type":"cond-expr","locations":[{"start":{"line":403,"column":28},"end":{"line":403,"column":null}},{"start":{"line":404,"column":28},"end":{"line":404,"column":null}}],"line":402},"52":{"loc":{"start":{"line":415,"column":24},"end":{"line":417,"column":null}},"type":"cond-expr","locations":[{"start":{"line":416,"column":28},"end":{"line":416,"column":null}},{"start":{"line":417,"column":28},"end":{"line":417,"column":null}}],"line":415},"53":{"loc":{"start":{"line":438,"column":24},"end":{"line":438,"column":null}},"type":"if","locations":[{"start":{"line":438,"column":24},"end":{"line":438,"column":null}},{"start":{},"end":{}}],"line":438},"54":{"loc":{"start":{"line":443,"column":24},"end":{"line":445,"column":null}},"type":"cond-expr","locations":[{"start":{"line":444,"column":28},"end":{"line":444,"column":null}},{"start":{"line":445,"column":28},"end":{"line":445,"column":null}}],"line":443},"55":{"loc":{"start":{"line":449,"column":19},"end":{"line":452,"column":null}},"type":"binary-expr","locations":[{"start":{"line":449,"column":19},"end":{"line":449,"column":null}},{"start":{"line":450,"column":20},"end":{"line":452,"column":null}}],"line":449},"56":{"loc":{"start":{"line":468,"column":24},"end":{"line":468,"column":null}},"type":"if","locations":[{"start":{"line":468,"column":24},"end":{"line":468,"column":null}},{"start":{},"end":{}}],"line":468},"57":{"loc":{"start":{"line":473,"column":24},"end":{"line":475,"column":null}},"type":"cond-expr","locations":[{"start":{"line":474,"column":28},"end":{"line":474,"column":null}},{"start":{"line":475,"column":28},"end":{"line":475,"column":null}}],"line":473},"58":{"loc":{"start":{"line":479,"column":19},"end":{"line":482,"column":null}},"type":"binary-expr","locations":[{"start":{"line":479,"column":19},"end":{"line":479,"column":null}},{"start":{"line":480,"column":20},"end":{"line":482,"column":null}}],"line":479},"59":{"loc":{"start":{"line":498,"column":24},"end":{"line":498,"column":null}},"type":"if","locations":[{"start":{"line":498,"column":24},"end":{"line":498,"column":null}},{"start":{},"end":{}}],"line":498},"60":{"loc":{"start":{"line":503,"column":24},"end":{"line":505,"column":null}},"type":"cond-expr","locations":[{"start":{"line":504,"column":28},"end":{"line":504,"column":null}},{"start":{"line":505,"column":28},"end":{"line":505,"column":null}}],"line":503},"61":{"loc":{"start":{"line":509,"column":19},"end":{"line":512,"column":null}},"type":"binary-expr","locations":[{"start":{"line":509,"column":19},"end":{"line":509,"column":null}},{"start":{"line":510,"column":20},"end":{"line":512,"column":null}}],"line":509},"62":{"loc":{"start":{"line":528,"column":24},"end":{"line":528,"column":null}},"type":"if","locations":[{"start":{"line":528,"column":24},"end":{"line":528,"column":null}},{"start":{},"end":{}}],"line":528},"63":{"loc":{"start":{"line":533,"column":24},"end":{"line":535,"column":null}},"type":"cond-expr","locations":[{"start":{"line":534,"column":28},"end":{"line":534,"column":null}},{"start":{"line":535,"column":28},"end":{"line":535,"column":null}}],"line":533},"64":{"loc":{"start":{"line":539,"column":19},"end":{"line":542,"column":null}},"type":"binary-expr","locations":[{"start":{"line":539,"column":19},"end":{"line":539,"column":null}},{"start":{"line":540,"column":20},"end":{"line":542,"column":null}}],"line":539},"65":{"loc":{"start":{"line":547,"column":17},"end":{"line":566,"column":null}},"type":"binary-expr","locations":[{"start":{"line":547,"column":17},"end":{"line":547,"column":null}},{"start":{"line":548,"column":18},"end":{"line":566,"column":null}}],"line":547},"66":{"loc":{"start":{"line":587,"column":28},"end":{"line":587,"column":null}},"type":"binary-expr","locations":[{"start":{"line":587,"column":28},"end":{"line":587,"column":47}},{"start":{"line":587,"column":47},"end":{"line":587,"column":null}}],"line":587},"67":{"loc":{"start":{"line":590,"column":19},"end":{"line":599,"column":null}},"type":"cond-expr","locations":[{"start":{"line":591,"column":20},"end":{"line":596,"column":null}},{"start":{"line":596,"column":20},"end":{"line":599,"column":null}}],"line":590},"68":{"loc":{"start":{"line":607,"column":15},"end":{"line":634,"column":null}},"type":"cond-expr","locations":[{"start":{"line":608,"column":16},"end":{"line":622,"column":17}},{"start":{"line":622,"column":16},"end":{"line":634,"column":null}}],"line":607}},"s":{"0":2,"1":202,"2":202,"3":202,"4":202,"5":202,"6":202,"7":202,"8":202,"9":202,"10":202,"11":202,"12":202,"13":202,"14":202,"15":202,"16":202,"17":202,"18":202,"19":12,"20":9,"21":9,"22":9,"23":9,"24":9,"25":9,"26":202,"27":4,"28":198,"29":417,"30":198,"31":154,"32":198,"33":253,"34":198,"35":33,"36":198,"37":202,"38":202,"39":202,"40":202,"41":3,"42":3,"43":3,"44":0,"45":3,"46":3,"47":3,"48":3,"49":3,"50":3,"51":3,"52":0,"53":0,"54":3,"55":202,"56":0,"57":0,"58":0,"59":0,"60":0,"61":0,"62":0,"63":0,"64":0,"65":0,"66":0,"67":0,"68":0,"69":0,"70":202,"71":0,"72":0,"73":0,"74":0,"75":0,"76":0,"77":0,"78":0,"79":0,"80":0,"81":202,"82":76,"83":76,"84":5,"85":5,"86":5,"87":5,"88":36,"89":36,"90":4,"91":4,"92":3,"93":3,"94":0,"95":0,"96":0,"97":0,"98":13,"99":13,"100":1,"101":1,"102":1,"103":1,"104":16,"105":16,"106":1,"107":1,"108":1,"109":1,"110":9,"111":9,"112":1,"113":1,"114":1,"115":1,"116":13,"117":13,"118":1,"119":1,"120":1,"121":1,"122":0,"123":0,"124":0,"125":0,"126":1,"127":1,"128":0,"129":0,"130":0,"131":0,"132":0},"f":{"0":202,"1":12,"2":417,"3":154,"4":253,"5":33,"6":3,"7":0,"8":0,"9":76,"10":5,"11":5,"12":5,"13":36,"14":4,"15":3,"16":3,"17":0,"18":0,"19":0,"20":0,"21":13,"22":1,"23":1,"24":1,"25":16,"26":1,"27":1,"28":1,"29":9,"30":1,"31":1,"32":1,"33":13,"34":1,"35":1,"36":1,"37":0,"38":0,"39":0,"40":0,"41":1,"42":0,"43":0,"44":0,"45":0},"b":{"0":[202],"1":[9,3],"2":[4,198],"3":[33,33],"4":[65,133],"5":[198,124],"6":[0,65],"7":[18,180],"8":[202,43],"9":[0,18],"10":[202,59],"11":[1,197],"12":[202,55],"13":[0,1],"14":[13,185],"15":[202,41],"16":[0,13],"17":[5,193],"18":[202,24],"19":[0,5],"20":[14,184],"21":[202,14],"22":[0,14],"23":[202,54,28,19,0],"24":[0,3],"25":[3,0],"26":[3,0],"27":[0,0],"28":[0,0],"29":[0,0],"30":[0,0],"31":[0,0],"32":[0,0],"33":[0,0],"34":[0,0],"35":[0,0],"36":[0,0],"37":[140,58],"38":[140,58],"39":[140,58],"40":[202,0],"41":[202,140],"42":[5,71],"43":[65,75],"44":[140,65],"45":[4,32],"46":[18,122],"47":[140,18],"48":[140,25],"49":[3,137],"50":[202,58],"51":[58,0],"52":[0,58],"53":[1,12],"54":[1,57],"55":[58,1],"56":[1,15],"57":[13,45],"58":[58,13],"59":[1,8],"60":[5,53],"61":[58,5],"62":[1,12],"63":[14,44],"64":[58,14],"65":[58,0],"66":[58,0],"67":[0,58],"68":[140,58]},"meta":{"lastBranch":69,"lastFunction":46,"lastStatement":133,"seen":{"s:19:13:675:Infinity":0,"f:19:13:19:26":0,"b:19:59:19:68":0,"s:20:47:20:55":1,"s:21:24:21:33":2,"s:23:26:23:Infinity":3,"s:26:38:26:Infinity":4,"s:27:44:27:Infinity":5,"s:28:38:28:Infinity":6,"s:29:42:29:Infinity":7,"s:32:34:32:Infinity":8,"s:33:34:33:Infinity":9,"s:34:40:34:Infinity":10,"s:35:48:35:Infinity":11,"s:36:26:36:Infinity":12,"s:37:44:37:Infinity":13,"s:38:38:38:Infinity":14,"s:39:38:44:Infinity":15,"s:46:40:46:Infinity":16,"s:47:32:47:Infinity":17,"s:50:2:59:Infinity":18,"f:50:2:50:18":1,"b:51:4:58:Infinity:undefined:undefined:undefined:undefined":1,"s:51:4:58:Infinity":19,"s:52:6:52:Infinity":20,"s:53:6:53:Infinity":21,"s:54:6:54:Infinity":22,"s:55:6:55:Infinity":23,"s:56:6:56:Infinity":24,"s:57:6:57:Infinity":25,"b:61:2:61:Infinity:undefined:undefined:undefined:undefined":2,"s:61:2:61:Infinity":26,"s:61:15:61:Infinity":27,"s:64:8:64:Infinity":28,"f:64:8:64:24":2,"s:64:34:64:Infinity":29,"s:65:8:65:Infinity":30,"f:65:8:65:27":3,"s:65:35:65:Infinity":31,"s:66:8:66:Infinity":32,"f:66:8:66:23":4,"s:66:32:66:Infinity":33,"s:67:8:67:Infinity":34,"f:67:8:67:30":5,"s:67:50:67:Infinity":35,"b:67:50:67:69:67:69:67:Infinity":3,"s:70:22:77:Infinity":36,"b:72:9:72:Infinity:73:8:73:Infinity":4,"b:71:11:71:33:71:33:71:Infinity":5,"b:72:30:72:62:72:62:72:Infinity":6,"b:75:9:75:Infinity:76:8:76:Infinity":7,"b:74:14:74:39:74:39:74:Infinity":8,"b:75:26:75:53:75:53:75:Infinity":9,"s:79:27:79:Infinity":37,"b:79:27:79:55:79:55:79:Infinity":10,"s:82:20:95:Infinity":38,"b:84:9:84:Infinity:85:8:85:Infinity":11,"b:83:14:83:37:83:37:83:Infinity":12,"b:84:28:84:56:84:56:84:Infinity":13,"b:87:9:87:Infinity:88:8:88:Infinity":14,"b:86:11:86:31:86:31:86:Infinity":15,"b:87:28:87:60:87:60:87:Infinity":16,"b:90:9:90:Infinity:91:8:91:Infinity":17,"b:89:14:89:37:89:37:89:Infinity":18,"b:90:24:90:51:90:51:90:Infinity":19,"b:93:9:93:Infinity:94:8:94:Infinity":20,"b:92:21:92:51:92:51:92:Infinity":21,"b:93:28:93:63:93:63:93:Infinity":22,"s:98:4:102:Infinity":39,"b:98:4:98:Infinity:99:4:99:Infinity:100:4:100:Infinity:101:4:101:Infinity:102:4:102:Infinity":23,"s:105:28:129:Infinity":40,"f:105:28:105:35":6,"s:106:4:106:Infinity":41,"s:107:4:107:Infinity":42,"b:108:4:108:Infinity:undefined:undefined:undefined:undefined":24,"s:108:4:108:Infinity":43,"s:108:27:108:Infinity":44,"s:110:4:110:Infinity":45,"s:111:4:111:Infinity":46,"s:113:4:128:Infinity":47,"s:114:27:114:Infinity":48,"s:115:6:115:Infinity":49,"b:116:6:120:Infinity:118:13:120:Infinity":25,"s:116:6:120:Infinity":50,"s:117:8:117:Infinity":51,"b:117:22:117:44:117:44:117:58":26,"s:119:8:119:Infinity":52,"s:122:6:125:Infinity":53,"b:123:8:123:Infinity:124:8:124:Infinity":27,"s:127:6:127:Infinity":54,"s:132:31:169:Infinity":55,"f:132:31:132:38":7,"s:133:4:133:Infinity":56,"s:134:4:134:Infinity":57,"b:135:4:135:Infinity:undefined:undefined:undefined:undefined":28,"s:135:4:135:Infinity":58,"s:135:25:135:Infinity":59,"s:137:4:137:Infinity":60,"s:138:4:138:Infinity":61,"s:140:4:168:Infinity":62,"s:141:29:147:Infinity":63,"b:146:52:146:68:146:68:146:Infinity":29,"s:149:6:154:Infinity":64,"b:151:12:151:Infinity:152:12:152:Infinity":30,"b:156:6:160:Infinity:158:13:160:Infinity":31,"s:156:6:160:Infinity":65,"s:157:8:157:Infinity":66,"b:157:22:157:46:157:46:157:50":32,"s:159:8:159:Infinity":67,"s:162:6:165:Infinity":68,"b:163:8:163:Infinity:164:8:164:Infinity":33,"s:167:6:167:Infinity":69,"s:172:28:188:Infinity":70,"f:172:28:172:35":8,"s:173:4:173:Infinity":71,"s:174:4:174:Infinity":72,"s:175:4:187:Infinity":73,"s:176:6:176:Infinity":74,"s:177:6:177:Infinity":75,"b:177:72:177:90:177:90:177:151":34,"b:177:125:177:140:177:140:177:151":35,"b:178:6:182:Infinity:180:13:182:Infinity":36,"s:178:6:182:Infinity":76,"s:179:8:179:Infinity":77,"s:181:8:181:Infinity":78,"s:184:6:184:Infinity":79,"s:186:6:186:Infinity":80,"s:190:2:673:Infinity":81,"b:224:36:224:81:224:81:224:Infinity":37,"b:261:36:261:60:261:60:261:Infinity":38,"b:265:20:265:Infinity:266:20:266:Infinity":39,"b:271:13:271:Infinity:272:14:275:Infinity":40,"b:281:13:281:Infinity:282:14:383:Infinity":41,"f:294:22:294:33":9,"s:295:24:295:Infinity":82,"b:296:24:296:Infinity:undefined:undefined:undefined:undefined":42,"s:296:24:296:Infinity":83,"s:296:49:296:Infinity":84,"f:296:49:296:66":10,"s:296:73:296:95":85,"f:298:22:298:36":11,"s:298:36:298:Infinity":86,"f:298:36:298:53":12,"s:298:60:298:82":87,"b:302:28:302:Infinity:303:28:303:Infinity":43,"b:307:19:307:Infinity:308:20:310:Infinity":44,"f:324:22:324:33":13,"s:325:24:325:Infinity":88,"b:326:24:326:Infinity:undefined:undefined:undefined:undefined":45,"s:326:24:326:Infinity":89,"s:326:52:326:Infinity":90,"f:326:52:326:69":14,"s:326:76:326:101":91,"f:328:22:328:36":15,"s:328:36:328:Infinity":92,"f:328:36:328:53":16,"s:328:60:328:85":93,"b:332:28:332:Infinity:333:28:333:Infinity":46,"b:337:19:337:Infinity:338:20:340:Infinity":47,"f:350:22:350:33":17,"s:350:39:350:Infinity":94,"f:358:20:358:35":18,"s:358:35:358:Infinity":95,"b:368:28:368:49:368:49:368:Infinity":48,"b:372:20:377:Infinity:377:20:380:Infinity":49,"b:389:13:389:Infinity:390:14:602:Infinity":50,"f:400:22:400:37":19,"s:400:37:400:Infinity":96,"b:403:28:403:Infinity:404:28:404:Infinity":51,"f:413:22:413:37":20,"s:413:37:413:Infinity":97,"b:416:28:416:Infinity:417:28:417:Infinity":52,"f:436:22:436:33":21,"s:437:24:437:Infinity":98,"b:438:24:438:Infinity:undefined:undefined:undefined:undefined":53,"s:438:24:438:Infinity":99,"s:438:50:438:Infinity":100,"f:438:50:438:65":22,"s:438:72:438:97":101,"f:440:22:440:36":23,"s:440:36:440:Infinity":102,"f:440:36:440:51":24,"s:440:58:440:83":103,"b:444:28:444:Infinity:445:28:445:Infinity":54,"b:449:19:449:Infinity:450:20:452:Infinity":55,"f:466:22:466:33":25,"s:467:24:467:Infinity":104,"b:468:24:468:Infinity:undefined:undefined:undefined:undefined":56,"s:468:24:468:Infinity":105,"s:468:47:468:Infinity":106,"f:468:47:468:62":26,"s:468:69:468:91":107,"f:470:22:470:36":27,"s:470:36:470:Infinity":108,"f:470:36:470:51":28,"s:470:58:470:80":109,"b:474:28:474:Infinity:475:28:475:Infinity":57,"b:479:19:479:Infinity:480:20:482:Infinity":58,"f:496:22:496:33":29,"s:497:24:497:Infinity":110,"b:498:24:498:Infinity:undefined:undefined:undefined:undefined":59,"s:498:24:498:Infinity":111,"s:498:50:498:Infinity":112,"f:498:50:498:65":30,"s:498:72:498:97":113,"f:500:22:500:36":31,"s:500:36:500:Infinity":114,"f:500:36:500:51":32,"s:500:58:500:83":115,"b:504:28:504:Infinity:505:28:505:Infinity":60,"b:509:19:509:Infinity:510:20:512:Infinity":61,"f:526:22:526:33":33,"s:527:24:527:Infinity":116,"b:528:24:528:Infinity:undefined:undefined:undefined:undefined":62,"s:528:24:528:Infinity":117,"s:528:57:528:Infinity":118,"f:528:57:528:72":34,"s:528:79:528:111":119,"f:530:22:530:36":35,"s:530:36:530:Infinity":120,"f:530:36:530:51":36,"s:530:58:530:90":121,"b:534:28:534:Infinity:535:28:535:Infinity":63,"b:539:19:539:Infinity:540:20:542:Infinity":64,"b:547:17:547:Infinity:548:18:566:Infinity":65,"f:554:22:554:33":37,"s:554:39:554:Infinity":122,"f:575:22:575:33":38,"s:575:39:575:Infinity":123,"f:579:49:579:59":39,"s:579:65:579:85":124,"f:579:174:579:184":40,"s:579:190:579:210":125,"b:587:28:587:47:587:47:587:Infinity":66,"b:591:20:596:Infinity:596:20:599:Infinity":67,"b:608:16:622:17:622:16:634:Infinity":68,"f:612:20:612:35":41,"s:613:22:613:Infinity":126,"s:614:22:614:Infinity":127,"f:626:20:626:35":42,"s:627:22:627:Infinity":128,"s:628:22:628:Infinity":129,"f:647:18:647:33":43,"s:647:33:647:Infinity":130,"f:654:18:654:33":44,"s:654:33:654:Infinity":131,"f:661:18:661:33":45,"s:661:33:661:Infinity":132},"fnNames":{}}}
,"D:\\University\\E-Learning\\MOOC-lms\\lms-frontend\\src\\components\\common\\Carousel.jsx": {"path":"D:\\University\\E-Learning\\MOOC-lms\\lms-frontend\\src\\components\\common\\Carousel.jsx","statementMap":{"0":{"start":{"line":8,"column":13},"end":{"line":220,"column":null}},"1":{"start":{"line":20,"column":29},"end":{"line":20,"column":null}},"2":{"start":{"line":21,"column":44},"end":{"line":21,"column":null}},"3":{"start":{"line":22,"column":46},"end":{"line":22,"column":null}},"4":{"start":{"line":23,"column":34},"end":{"line":23,"column":null}},"5":{"start":{"line":26,"column":25},"end":{"line":26,"column":null}},"6":{"start":{"line":27,"column":20},"end":{"line":27,"column":null}},"7":{"start":{"line":28,"column":24},"end":{"line":28,"column":null}},"8":{"start":{"line":29,"column":24},"end":{"line":29,"column":null}},"9":{"start":{"line":32,"column":28},"end":{"line":39,"column":null}},"10":{"start":{"line":33,"column":15},"end":{"line":33,"column":null}},"11":{"start":{"line":34,"column":4},"end":{"line":34,"column":null}},"12":{"start":{"line":34,"column":13},"end":{"line":34,"column":null}},"13":{"start":{"line":36,"column":53},"end":{"line":36,"column":null}},"14":{"start":{"line":37,"column":4},"end":{"line":37,"column":null}},"15":{"start":{"line":38,"column":4},"end":{"line":38,"column":null}},"16":{"start":{"line":41,"column":2},"end":{"line":53,"column":null}},"17":{"start":{"line":42,"column":15},"end":{"line":42,"column":null}},"18":{"start":{"line":43,"column":4},"end":{"line":43,"column":null}},"19":{"start":{"line":43,"column":13},"end":{"line":43,"column":null}},"20":{"start":{"line":45,"column":4},"end":{"line":45,"column":null}},"21":{"start":{"line":46,"column":4},"end":{"line":46,"column":null}},"22":{"start":{"line":47,"column":4},"end":{"line":47,"column":null}},"23":{"start":{"line":49,"column":4},"end":{"line":52,"column":null}},"24":{"start":{"line":50,"column":6},"end":{"line":50,"column":null}},"25":{"start":{"line":51,"column":6},"end":{"line":51,"column":null}},"26":{"start":{"line":56,"column":27},"end":{"line":76,"column":null}},"27":{"start":{"line":57,"column":15},"end":{"line":57,"column":null}},"28":{"start":{"line":58,"column":4},"end":{"line":58,"column":null}},"29":{"start":{"line":58,"column":13},"end":{"line":58,"column":null}},"30":{"start":{"line":60,"column":25},"end":{"line":60,"column":null}},"31":{"start":{"line":62,"column":4},"end":{"line":75,"column":null}},"32":{"start":{"line":64,"column":6},"end":{"line":68,"column":null}},"33":{"start":{"line":65,"column":8},"end":{"line":65,"column":null}},"34":{"start":{"line":67,"column":8},"end":{"line":67,"column":null}},"35":{"start":{"line":70,"column":6},"end":{"line":74,"column":null}},"36":{"start":{"line":71,"column":8},"end":{"line":71,"column":null}},"37":{"start":{"line":73,"column":8},"end":{"line":73,"column":null}},"38":{"start":{"line":79,"column":2},"end":{"line":89,"column":null}},"39":{"start":{"line":80,"column":4},"end":{"line":80,"column":null}},"40":{"start":{"line":80,"column":31},"end":{"line":80,"column":null}},"41":{"start":{"line":82,"column":18},"end":{"line":86,"column":null}},"42":{"start":{"line":83,"column":6},"end":{"line":85,"column":null}},"43":{"start":{"line":84,"column":8},"end":{"line":84,"column":null}},"44":{"start":{"line":88,"column":4},"end":{"line":88,"column":null}},"45":{"start":{"line":88,"column":17},"end":{"line":88,"column":null}},"46":{"start":{"line":92,"column":8},"end":{"line":100,"column":null}},"47":{"start":{"line":93,"column":15},"end":{"line":93,"column":null}},"48":{"start":{"line":94,"column":4},"end":{"line":94,"column":null}},"49":{"start":{"line":94,"column":13},"end":{"line":94,"column":null}},"50":{"start":{"line":96,"column":4},"end":{"line":96,"column":null}},"51":{"start":{"line":97,"column":4},"end":{"line":97,"column":null}},"52":{"start":{"line":98,"column":4},"end":{"line":98,"column":null}},"53":{"start":{"line":99,"column":4},"end":{"line":99,"column":null}},"54":{"start":{"line":102,"column":8},"end":{"line":116,"column":null}},"55":{"start":{"line":103,"column":4},"end":{"line":103,"column":null}},"56":{"start":{"line":103,"column":33},"end":{"line":103,"column":null}},"57":{"start":{"line":104,"column":15},"end":{"line":104,"column":null}},"58":{"start":{"line":105,"column":4},"end":{"line":105,"column":null}},"59":{"start":{"line":105,"column":13},"end":{"line":105,"column":null}},"60":{"start":{"line":107,"column":4},"end":{"line":107,"column":null}},"61":{"start":{"line":108,"column":14},"end":{"line":108,"column":null}},"62":{"start":{"line":109,"column":10},"end":{"line":109,"column":null}},"63":{"start":{"line":111,"column":4},"end":{"line":113,"column":null}},"64":{"start":{"line":112,"column":6},"end":{"line":112,"column":null}},"65":{"start":{"line":115,"column":4},"end":{"line":115,"column":null}},"66":{"start":{"line":118,"column":8},"end":{"line":120,"column":null}},"67":{"start":{"line":119,"column":4},"end":{"line":119,"column":null}},"68":{"start":{"line":123,"column":8},"end":{"line":129,"column":null}},"69":{"start":{"line":124,"column":4},"end":{"line":128,"column":null}},"70":{"start":{"line":125,"column":6},"end":{"line":125,"column":null}},"71":{"start":{"line":126,"column":6},"end":{"line":126,"column":null}},"72":{"start":{"line":127,"column":6},"end":{"line":127,"column":null}},"73":{"start":{"line":131,"column":2},"end":{"line":131,"column":null}},"74":{"start":{"line":131,"column":36},"end":{"line":131,"column":null}},"75":{"start":{"line":133,"column":2},"end":{"line":218,"column":null}},"76":{"start":{"line":136,"column":26},"end":{"line":136,"column":null}},"77":{"start":{"line":137,"column":26},"end":{"line":137,"column":null}},"78":{"start":{"line":177,"column":29},"end":{"line":177,"column":null}},"79":{"start":{"line":185,"column":29},"end":{"line":185,"column":null}},"80":{"start":{"line":212,"column":12},"end":{"line":214,"column":null}}},"fnMap":{"0":{"name":"(anonymous_0)","decl":{"start":{"line":8,"column":13},"end":{"line":8,"column":25}},"loc":{"start":{"line":19,"column":6},"end":{"line":220,"column":null}},"line":19},"1":{"name":"(anonymous_1)","decl":{"start":{"line":32,"column":28},"end":{"line":32,"column":46}},"loc":{"start":{"line":32,"column":46},"end":{"line":39,"column":5}},"line":32},"2":{"name":"(anonymous_2)","decl":{"start":{"line":41,"column":2},"end":{"line":41,"column":18}},"loc":{"start":{"line":41,"column":18},"end":{"line":53,"column":5}},"line":41},"3":{"name":"(anonymous_3)","decl":{"start":{"line":49,"column":4},"end":{"line":49,"column":17}},"loc":{"start":{"line":49,"column":17},"end":{"line":52,"column":null}},"line":49},"4":{"name":"(anonymous_4)","decl":{"start":{"line":56,"column":27},"end":{"line":56,"column":40}},"loc":{"start":{"line":56,"column":54},"end":{"line":76,"column":5}},"line":56},"5":{"name":"(anonymous_5)","decl":{"start":{"line":79,"column":2},"end":{"line":79,"column":18}},"loc":{"start":{"line":79,"column":18},"end":{"line":89,"column":5}},"line":79},"6":{"name":"(anonymous_6)","decl":{"start":{"line":82,"column":18},"end":{"line":82,"column":36}},"loc":{"start":{"line":82,"column":36},"end":{"line":86,"column":7}},"line":82},"7":{"name":"(anonymous_7)","decl":{"start":{"line":88,"column":4},"end":{"line":88,"column":17}},"loc":{"start":{"line":88,"column":17},"end":{"line":88,"column":null}},"line":88},"8":{"name":"(anonymous_8)","decl":{"start":{"line":92,"column":8},"end":{"line":92,"column":27}},"loc":{"start":{"line":92,"column":33},"end":{"line":100,"column":null}},"line":92},"9":{"name":"(anonymous_9)","decl":{"start":{"line":102,"column":8},"end":{"line":102,"column":27}},"loc":{"start":{"line":102,"column":33},"end":{"line":116,"column":null}},"line":102},"10":{"name":"(anonymous_10)","decl":{"start":{"line":118,"column":8},"end":{"line":118,"column":37}},"loc":{"start":{"line":118,"column":37},"end":{"line":120,"column":null}},"line":118},"11":{"name":"(anonymous_11)","decl":{"start":{"line":123,"column":8},"end":{"line":123,"column":30}},"loc":{"start":{"line":123,"column":36},"end":{"line":129,"column":null}},"line":123},"12":{"name":"(anonymous_12)","decl":{"start":{"line":136,"column":6},"end":{"line":136,"column":26}},"loc":{"start":{"line":136,"column":26},"end":{"line":136,"column":null}},"line":136},"13":{"name":"(anonymous_13)","decl":{"start":{"line":137,"column":6},"end":{"line":137,"column":26}},"loc":{"start":{"line":137,"column":26},"end":{"line":137,"column":null}},"line":137},"14":{"name":"(anonymous_14)","decl":{"start":{"line":177,"column":14},"end":{"line":177,"column":29}},"loc":{"start":{"line":177,"column":29},"end":{"line":177,"column":null}},"line":177},"15":{"name":"(anonymous_15)","decl":{"start":{"line":185,"column":14},"end":{"line":185,"column":29}},"loc":{"start":{"line":185,"column":29},"end":{"line":185,"column":null}},"line":185},"16":{"name":"(anonymous_16)","decl":{"start":{"line":211,"column":17},"end":{"line":211,"column":22}},"loc":{"start":{"line":212,"column":12},"end":{"line":214,"column":null}},"line":212}},"branchMap":{"0":{"loc":{"start":{"line":14,"column":2},"end":{"line":14,"column":null}},"type":"default-arg","locations":[{"start":{"line":14,"column":10},"end":{"line":14,"column":null}}],"line":14},"1":{"loc":{"start":{"line":16,"column":2},"end":{"line":16,"column":null}},"type":"default-arg","locations":[{"start":{"line":16,"column":18},"end":{"line":16,"column":null}}],"line":16},"2":{"loc":{"start":{"line":17,"column":2},"end":{"line":17,"column":null}},"type":"default-arg","locations":[{"start":{"line":17,"column":13},"end":{"line":17,"column":null}}],"line":17},"3":{"loc":{"start":{"line":18,"column":2},"end":{"line":18,"column":null}},"type":"default-arg","locations":[{"start":{"line":18,"column":21},"end":{"line":18,"column":null}}],"line":18},"4":{"loc":{"start":{"line":34,"column":4},"end":{"line":34,"column":null}},"type":"if","locations":[{"start":{"line":34,"column":4},"end":{"line":34,"column":null}},{"start":{},"end":{}}],"line":34},"5":{"loc":{"start":{"line":43,"column":4},"end":{"line":43,"column":null}},"type":"if","locations":[{"start":{"line":43,"column":4},"end":{"line":43,"column":null}},{"start":{},"end":{}}],"line":43},"6":{"loc":{"start":{"line":58,"column":4},"end":{"line":58,"column":null}},"type":"if","locations":[{"start":{"line":58,"column":4},"end":{"line":58,"column":null}},{"start":{},"end":{}}],"line":58},"7":{"loc":{"start":{"line":62,"column":4},"end":{"line":75,"column":null}},"type":"if","locations":[{"start":{"line":62,"column":4},"end":{"line":75,"column":null}},{"start":{"line":69,"column":11},"end":{"line":75,"column":null}}],"line":62},"8":{"loc":{"start":{"line":64,"column":6},"end":{"line":68,"column":null}},"type":"if","locations":[{"start":{"line":64,"column":6},"end":{"line":68,"column":null}},{"start":{"line":66,"column":13},"end":{"line":68,"column":null}}],"line":64},"9":{"loc":{"start":{"line":70,"column":6},"end":{"line":74,"column":null}},"type":"if","locations":[{"start":{"line":70,"column":6},"end":{"line":74,"column":null}},{"start":{"line":72,"column":13},"end":{"line":74,"column":null}}],"line":70},"10":{"loc":{"start":{"line":80,"column":4},"end":{"line":80,"column":null}},"type":"if","locations":[{"start":{"line":80,"column":4},"end":{"line":80,"column":null}},{"start":{},"end":{}}],"line":80},"11":{"loc":{"start":{"line":80,"column":8},"end":{"line":80,"column":31}},"type":"binary-expr","locations":[{"start":{"line":80,"column":8},"end":{"line":80,"column":21}},{"start":{"line":80,"column":21},"end":{"line":80,"column":31}}],"line":80},"12":{"loc":{"start":{"line":83,"column":6},"end":{"line":85,"column":null}},"type":"if","locations":[{"start":{"line":83,"column":6},"end":{"line":85,"column":null}},{"start":{},"end":{}}],"line":83},"13":{"loc":{"start":{"line":94,"column":4},"end":{"line":94,"column":null}},"type":"if","locations":[{"start":{"line":94,"column":4},"end":{"line":94,"column":null}},{"start":{},"end":{}}],"line":94},"14":{"loc":{"start":{"line":103,"column":4},"end":{"line":103,"column":null}},"type":"if","locations":[{"start":{"line":103,"column":4},"end":{"line":103,"column":null}},{"start":{},"end":{}}],"line":103},"15":{"loc":{"start":{"line":105,"column":4},"end":{"line":105,"column":null}},"type":"if","locations":[{"start":{"line":105,"column":4},"end":{"line":105,"column":null}},{"start":{},"end":{}}],"line":105},"16":{"loc":{"start":{"line":111,"column":4},"end":{"line":113,"column":null}},"type":"if","locations":[{"start":{"line":111,"column":4},"end":{"line":113,"column":null}},{"start":{},"end":{}}],"line":111},"17":{"loc":{"start":{"line":124,"column":4},"end":{"line":128,"column":null}},"type":"if","locations":[{"start":{"line":124,"column":4},"end":{"line":128,"column":null}},{"start":{},"end":{}}],"line":124},"18":{"loc":{"start":{"line":131,"column":2},"end":{"line":131,"column":null}},"type":"if","locations":[{"start":{"line":131,"column":2},"end":{"line":131,"column":null}},{"start":{},"end":{}}],"line":131},"19":{"loc":{"start":{"line":131,"column":6},"end":{"line":131,"column":36}},"type":"binary-expr","locations":[{"start":{"line":131,"column":6},"end":{"line":131,"column":16}},{"start":{"line":131,"column":16},"end":{"line":131,"column":36}}],"line":131},"20":{"loc":{"start":{"line":143,"column":13},"end":{"line":148,"column":null}},"type":"binary-expr","locations":[{"start":{"line":143,"column":13},"end":{"line":143,"column":null}},{"start":{"line":144,"column":14},"end":{"line":148,"column":null}}],"line":143},"21":{"loc":{"start":{"line":148,"column":13},"end":{"line":160,"column":null}},"type":"binary-expr","locations":[{"start":{"line":148,"column":13},"end":{"line":148,"column":null}},{"start":{"line":149,"column":14},"end":{"line":160,"column":null}}],"line":148},"22":{"loc":{"start":{"line":150,"column":133},"end":{"line":152,"column":null}},"type":"cond-expr","locations":[{"start":{"line":151,"column":22},"end":{"line":151,"column":null}},{"start":{"line":152,"column":22},"end":{"line":152,"column":null}}],"line":150},"23":{"loc":{"start":{"line":154,"column":23},"end":{"line":154,"column":null}},"type":"cond-expr","locations":[{"start":{"line":154,"column":34},"end":{"line":154,"column":65}},{"start":{"line":154,"column":65},"end":{"line":154,"column":null}}],"line":154},"24":{"loc":{"start":{"line":156,"column":61},"end":{"line":156,"column":115}},"type":"cond-expr","locations":[{"start":{"line":156,"column":72},"end":{"line":156,"column":89}},{"start":{"line":156,"column":89},"end":{"line":156,"column":115}}],"line":156},"25":{"loc":{"start":{"line":157,"column":23},"end":{"line":157,"column":86}},"type":"cond-expr","locations":[{"start":{"line":157,"column":34},"end":{"line":157,"column":58}},{"start":{"line":157,"column":58},"end":{"line":157,"column":86}}],"line":157},"26":{"loc":{"start":{"line":162,"column":13},"end":{"line":163,"column":13}},"type":"binary-expr","locations":[{"start":{"line":162,"column":13},"end":{"line":162,"column":21}},{"start":{"line":162,"column":21},"end":{"line":163,"column":13}}],"line":162},"27":{"loc":{"start":{"line":165,"column":11},"end":{"line":166,"column":null}},"type":"binary-expr","locations":[{"start":{"line":165,"column":11},"end":{"line":165,"column":null}},{"start":{"line":166,"column":12},"end":{"line":166,"column":null}}],"line":165},"28":{"loc":{"start":{"line":212,"column":22},"end":{"line":212,"column":38}},"type":"binary-expr","locations":[{"start":{"line":212,"column":22},"end":{"line":212,"column":33}},{"start":{"line":212,"column":33},"end":{"line":212,"column":38}}],"line":212}},"s":{"0":2,"1":12,"2":12,"3":12,"4":12,"5":12,"6":12,"7":12,"8":12,"9":12,"10":6,"11":6,"12":0,"13":6,"14":6,"15":6,"16":12,"17":6,"18":6,"19":0,"20":6,"21":6,"22":6,"23":6,"
[...]
"5":[0,0],"6":[0,0],"7":[0,0],"8":[0,0],"9":[0,0],"10":[0,0],"11":[0,0],"12":[0,0],"13":[0,0],"14":[0,0],"15":[0,0],"16":[0,0]},"meta":{"lastBranch":17,"lastFunction":21,"lastStatement":75,"seen":{"s:22:13:432:Infinity":0,"f:22:13:22:40":0,"s:23:19:23:27":1,"s:24:24:24:33":2,"s:27:34:27:Infinity":3,"b:27:43:27:61:27:61:27:80":0,"s:28:18:28:Infinity":4,"b:28:27:28:42:28:42:28:59":1,"s:29:28:29:Infinity":5,"s:30:24:30:Infinity":6,"s:31:30:31:Infinity":7,"s:32:36:34:Infinity":8,"b:33:4:33:23:33:23:33:Infinity":2,"s:35:48:35:Infinity":9,"s:36:46:36:Infinity":10,"s:39:40:39:Infinity":11,"s:40:40:40:Infinity":12,"s:41:54:41:Infinity":13,"s:44:28:48:Infinity":14,"s:49:38:49:Infinity":15,"s:50:38:50:Infinity":16,"s:52:2:71:Infinity":17,"f:52:2:52:18":1,"s:53:31:69:Infinity":18,"f:53:31:53:43":2,"s:54:6:68:Infinity":19,"s:55:37:58:Infinity":20,"f:56:41:56:54":3,"s:56:54:56:67":21,"f:57:42:57:55":4,"s:57:55:57:68":22,"s:59:27:59:Infinity":23,"b:59:27:59:45:59:45:59:Infinity":3,"s:60:25:60:Infinity":24,"b:60:25:60:41:60:41:60:Infinity":4,"s:61:8:65:Infinity":25,"b:62:44:62:64:62:64:62:Infinity":5,"f:63:32:63:40":5,"s:63:46:63:59":26,"s:70:4:70:Infinity":27,"s:73:8:89:Infinity":28,"f:73:8:73:26":6,"s:74:4:74:Infinity":29,"b:75:4:78:Infinity:undefined:undefined:undefined:undefined":6,"s:75:4:78:Infinity":30,"b:75:8:75:28:75:28:75:56":7,"s:76:6:76:Infinity":31,"s:77:6:77:Infinity":32,"b:79:4:82:Infinity:undefined:undefined:undefined:undefined":8,"s:79:4:82:Infinity":33,"b:79:8:79:17:79:17:79:67":9,"s:80:6:80:Infinity":34,"s:81:6:81:Infinity":35,"s:84:4:84:Infinity":36,"s:85:4:88:Infinity":37,"f:85:4:85:21":7,"s:86:6:86:Infinity":38,"s:87:6:87:Infinity":39,"s:91:8:114:Infinity":40,"f:91:8:91:32":8,"s:92:4:92:Infinity":41,"b:93:4:96:Infinity:undefined:undefined:undefined:undefined":10,"s:93:4:96:Infinity":42,"s:94:6:94:Infinity":43,"s:95:6:95:Infinity":44,"b:97:4:100:Infinity:undefined:undefined:undefined:undefined":11,"s:97:4:100:Infinity":45,"s:98:6:98:Infinity":46,"s:99:6:99:Infinity":47,"b:101:4:104:Infinity:undefined:undefined:undefined:undefined":12,"s:101:4:104:Infinity":48,"s:102:6:102:Infinity":49,"s:103:6:103:Infinity":50,"s:106:4:106:Infinity":51,"s:107:4:113:Infinity":52,"f:107:4:107:21":9,"s:108:6:108:Infinity":53,"s:109:6:109:Infinity":54,"s:110:6:110:Infinity":55,"s:111:6:111:Infinity":56,"s:112:6:112:Infinity":57,"s:116:8:123:Infinity":58,"f:116:8:116:35":10,"b:117:4:122:Infinity:undefined:undefined:undefined:undefined":13,"s:117:4:122:Infinity":59,"s:118:6:118:Infinity":60,"s:119:6:119:Infinity":61,"s:120:6:120:Infinity":62,"s:121:6:121:Infinity":63,"s:125:2:430:Infinity":64,"f:154:14:154:29":11,"s:154:29:154:Infinity":65,"b:174:13:174:Infinity:175:14:189:Infinity":14,"f:179:18:179:29":12,"s:179:35:179:Infinity":66,"f:259:20:259:31":13,"s:259:37:259:Infinity":67,"f:292:20:292:31":14,"s:292:37:292:Infinity":68,"f:309:20:309:31":15,"s:309:37:309:Infinity":69,"f:321:41:321:46":16,"s:322:20:332:Infinity":70,"f:328:24:328:40":17,"s:328:40:328:Infinity":71,"b:346:36:346:52:346:52:346:79":15,"f:375:18:375:29":18,"s:375:35:375:Infinity":72,"f:392:18:392:29":19,"s:392:35:392:Infinity":73,"f:409:18:409:29":20,"s:409:35:409:Infinity":74,"b:423:36:423:54:423:54:423:80":16},"fnNames":{}}}
,"D:\\University\\E-Learning\\MOOC-lms\\lms-frontend\\src\\routes\\AppRoutes.jsx": {"path":"D:\\University\\E-Learning\\MOOC-lms\\lms-frontend\\src\\routes\\AppRoutes.jsx","statementMap":{"0":{"start":{"line":42,"column":13},"end":{"line":150,"column":null}},"1":{"start":{"line":43,"column":2},"end":{"line":148,"column":null}}},"fnMap":{"0":{"name":"(anonymous_0)","decl":{"start":{"line":42,"column":13},"end":{"line":42,"column":31}},"loc":{"start":{"line":42,"column":31},"end":{"line":150,"column":null}},"line":42}},"branchMap":{},"s":{"0":1,"1":3},"f":{"0":3},"b":{},"meta":{"lastBranch":0,"lastFunction":1,"lastStatement":2,"seen":{"s:42:13:150:Infinity":0,"f:42:13:42:31":0,"s:43:2:148:Infinity":1},"fnNames":{}}}
,"D:\\University\\E-Learning\\MOOC-lms\\lms-frontend\\src\\routes\\ProtectedRoute.jsx": {"path":"D:\\University\\E-Learning\\MOOC-lms\\lms-frontend\\src\\routes\\ProtectedRoute.jsx","statementMap":{"0":{"start":{"line":5,"column":13},"end":{"line":26,"column":null}},"1":{"start":{"line":6,"column":35},"end":{"line":6,"column":43}},"2":{"start":{"line":7,"column":19},"end":{"line":7,"column":31}},"3":{"start":{"line":9,"column":2},"end":{"line":18,"column":null}},"4":{"start":{"line":10,"column":4},"end":{"line":16,"column":null}},"5":{"start":{"line":20,"column":2},"end":{"line":23,"column":null}},"6":{"start":{"line":22,"column":4},"end":{"line":22,"column":null}},"7":{"start":{"line":25,"column":2},"end":{"line":25,"column":null}}},"fnMap":{"0":{"name":"(anonymous_0)","decl":{"start":{"line":5,"column":13},"end":{"line":5,"column":31}},"loc":{"start":{"line":5,"column":48},"end":{"line":26,"column":null}},"line":5}},"branchMap":{"0":{"loc":{"start":{"line":9,"column":2},"end":{"line":18,"column":null}},"type":"if","locations":[{"start":{"line":9,"column":2},"end":{"line":18,"column":null}},{"start":{},"end":{}}],"line":9},"1":{"loc":{"start":{"line":20,"column":2},"end":{"line":23,"column":null}},"type":"if","locations":[{"start":{"line":20,"column":2},"end":{"line":23,"column":null}},{"start":{},"end":{}}],"line":20},"2":{"loc":{"start":{"line":20,"column":6},"end":{"line":20,"column":23}},"type":"binary-expr","locations":[{"start":{"line":20,"column":6},"end":{"line":20,"column":16}},{"start":{"line":20,"column":16},"end":{"line":20,"column":23}}],"line":20},"3":{"loc":{"start":{"line":25,"column":9},"end":{"line":25,"column":null}},"type":"cond-expr","locations":[{"start":{"line":25,"column":20},"end":{"line":25,"column":31}},{"start":{"line":25,"column":31},"end":{"line":25,"column":null}}],"line":25}},"s":{"0":1,"1":4,"2":4,"3":4,"4":1,"5":3,"6":1,"7":2},"f":{"0":4},"b":{"0":[1,3],"1":[1,2],"2":[3,1],"3":[2,0]},"meta":{"lastBranch":4,"lastFunction":1,"lastStatement":8,"seen":{"s:5:13:26:Infinity":0,"f:5:13:5:31":0,"s:6:35:6:43":1,"s:7:19:7:31":2,"b:9:2:18:Infinity:undefined:undefined:undefined:undefined":0,"s:9:2:18:Infinity":3,"s:10:4:16:Infinity":4,"b:20:2:23:Infinity:undefined:undefined:undefined:undefined":1,"s:20:2:23:Infinity":5,"b:20:6:20:16:20:16:20:23":2,"s:22:4:22:Infinity":6,"s:25:2:25:Infinity":7,"b:25:20:25:31:25:31:25:Infinity":3},"fnNames":{}}}
,"D:\\University\\E-Learning\\MOOC-lms\\lms-frontend\\src\\routes\\RoleProtectedRoute.jsx": {"path":"D:\\University\\E-Learning\\MOOC-lms\\lms-frontend\\src\\routes\\RoleProtectedRoute.jsx","statementMap":{"0":{"start":{"line":5,"column":13},"end":{"line":32,"column":null}},"1":{"start":{"line":6,"column":48},"end":{"line":6,"column":56}},"2":{"start":{"line":7,"column":19},"end":{"line":7,"column":31}},"3":{"start":{"line":9,"column":2},"end":{"line":18,"column":null}},"4":{"start":{"line":10,"column":4},"end":{"line":16,"column":null}},"5":{"start":{"line":20,"column":2},"end":{"line":22,"column":null}},"6":{"start":{"line":21,"column":4},"end":{"line":21,"column":null}},"7":{"start":{"line":24,"column":15},"end":{"line":24,"column":null}},"8":{"start":{"line":25,"column":20},"end":{"line":25,"column":null}},"9":{"start":{"line":27,"column":2},"end":{"line":29,"column":null}},"10":{"start":{"line":28,"column":4},"end":{"line":28,"column":null}},"11":{"start":{"line":31,"column":2},"end":{"line":31,"column":null}}},"fnMap":{"0":{"name":"(anonymous_0)","decl":{"start":{"line":5,"column":13},"end":{"line":5,"column":35}},"loc":{"start":{"line":5,"column":71},"end":{"line":32,"column":null}},"line":5}},"branchMap":{"0":{"loc":{"start":{"line":5,"column":37},"end":{"line":5,"column":56}},"type":"default-arg","locations":[{"start":{"line":5,"column":52},"end":{"line":5,"column":56}}],"line":5},"1":{"loc":{"start":{"line":9,"column":2},"end":{"line":18,"column":null}},"type":"if","locations":[{"start":{"line":9,"column":2},"end":{"line":18,"column":null}},{"start":{},"end":{}}],"line":9},"2":{"loc":{"start":{"line":20,"column":2},"end":{"line":22,"column":null}},"type":"if","locations":[{"start":{"line":20,"column":2},"end":{"line":22,"column":null}},{"start":{},"end":{}}],"line":20},"3":{"loc":{"start":{"line":20,"column":6},"end":{"line":20,"column":23}},"type":"binary-expr","locations":[{"start":{"line":20,"column":6},"end":{"line":20,"column":16}},{"start":{"line":20,"column":16},"end":{"line":20,"column":23}}],"line":20},"4":{"loc":{"start":{"line":24,"column":15},"end":{"line":24,"column":null}},"type":"binary-expr","locations":[{"start":{"line":24,"column":15},"end":{"line":24,"column":30}},{"start":{"line":24,"column":30},"end":{"line":24,"column":null}}],"line":24},"5":{"loc":{"start":{"line":25,"column":20},"end":{"line":25,"column":null}},"type":"binary-expr","locations":[{"start":{"line":25,"column":20},"end":{"line":25,"column":49}},{"start":{"line":25,"column":49},"end":{"line":25,"column":null}}],"line":25},"6":{"loc":{"start":{"line":27,"column":2},"end":{"line":29,"column":null}},"type":"if","locations":[{"start":{"line":27,"column":2},"end":{"line":29,"column":null}},{"start":{},"end":{}}],"line":27},"7":{"loc":{"start":{"line":31,"column":9},"end":{"line":31,"column":null}},"type":"cond-expr","locations":[{"start":{"line":31,"column":20},"end":{"line":31,"column":31}},{"start":{"line":31,"column":31},"end":{"line":31,"column":null}}],"line":31}},"s":{"0":1,"1":1,"2":1,"3":1,"4":0,"5":1,"6":0,"7":1,"8":1,"9":1,"10":0,"11":1},"f":{"0":1},"b":{"0":[1],"1":[0,1],"2":[0,1],"3":[1,0],"4":[1,0],"5":[1,1],"6":[0,1],"7":[1,0]},"meta":{"lastBranch":8,"lastFunction":1,"lastStatement":12,"seen":{"s:5:13:32:Infinity":0,"f:5:13:5:35":0,"b:5:52:5:56":0,"s:6:48:6:56":1,"s:7:19:7:31":2,"b:9:2:18:Infinity:undefined:undefined:undefined:undefined":1,"s:9:2:18:Infinity":3,"s:10:4:16:Infinity":4,"b:20:2:22:Infinity:undefined:undefined:undefined:undefined":2,"s:20:2:22:Infinity":5,"b:20:6:20:16:20:16:20:23":3,"s:21:4:21:Infinity":6,"s:24:15:24:Infinity":7,"b:24:15:24:30:24:30:24:Infinity":4,"s:25:20:25:Infinity":8,"b:25:20:25:49:25:49:25:Infinity":5,"b:27:2:29:Infinity:undefined:undefined:undefined:undefined":6,"s:27:2:29:Infinity":9,"s:28:4:28:Infinity":10,"s:31:2:31:Infinity":11,"b:31:20:31:31:31:31:31:Infinity":7},"fnNames":{}}}
,"D:\\University\\E-Learning\\MOOC-lms\\lms-frontend\\src\\test\\mocks\\handlers.js": {"path":"D:\\University\\E-Learning\\MOOC-lms\\lms-frontend\\src\\test\\mocks\\handlers.js","statementMap":{"0":{"start":{"line":3,"column":27},"end":{"line":59,"column":null}},"1":{"start":{"line":61,"column":30},"end":{"line":64,"column":null}},"2":{"start":{"line":66,"column":24},"end":{"line":284,"column":null}},"3":{"start":{"line":69,"column":4},"end":{"line":69,"column":null}},"4":{"start":{"line":74,"column":4},"end":{"line":74,"column":null}},"5":{"start":{"line":79,"column":21},"end":{"line":79,"column":null}},"6":{"start":{"line":80,"column":19},"end":{"line":80,"column":null}},"7":{"start":{"line":80,"column":43},"end":{"line":80,"column":58}},"8":{"start":{"line":81,"column":4},"end":{"line":83,"column":null}},"9":{"start":{"line":82,"column":6},"end":{"line":82,"column":null}},"10":{"start":{"line":84,"column":4},"end":{"line":84,"column":null}},"11":{"start":{"line":89,"column":17},"end":{"line":89,"column":null}},"12":{"start":{"line":90,"column":32},"end":{"line":90,"column":null}},"13":{"start":{"line":92,"column":4},"end":{"line":100,"column":null}},"14":{"start":{"line":93,"column":6},"end":{"line":99,"column":null}},"15":{"start":{"line":102,"column":4},"end":{"line":110,"column":null}},"16":{"start":{"line":103,"column":6},"end":{"line":109,"column":null}},"17":{"start":{"line":112,"column":4},"end":{"line":120,"column":null}},"18":{"start":{"line":113,"column":6},"end":{"line":119,"column":null}},"19":{"start":{"line":122,"column":4},"end":{"line":125,"column":null}},"20":{"start":{"line":130,"column":17},"end":{"line":130,"column":null}},"21":{"start":{"line":131,"column":38},"end":{"line":131,"column":null}},"22":{"start":{"line":133,"column":4},"end":{"line":138,"column":null}},"23":{"start":{"line":134,"column":6},"end":{"line":137,"column":null}},"24":{"start":{"line":140,"column":4},"end":{"line":146,"column":null}},"25":{"start":{"line":151,"column":4},"end":{"line":158,"column":null}},"26":{"start":{"line":163,"column":4},"end":{"line":163,"column":null}},"27":{"start":{"line":168,"column":4},"end":{"line":178,"column":null}},"28":{"start":{"line":183,"column":25},"end":{"line":183,"column":null}},"29":{"start":{"line":184,"column":4},"end":{"line":192,"column":null}},"30":{"start":{"line":197,"column":4},"end":{"line":199,"column":null}},"31":{"start":{"line":204,"column":4},"end":{"line":233,"column":null}},"32":{"start":{"line":238,"column":4},"end":{"line":265,"column":null}},"33":{"start":{"line":270,"column":4},"end":{"line":282,"column":null}}},"fnMap":{"0":{"name":"(anonymous_0)","decl":{"start":{"line":68,"column":11},"end":{"line":68,"column":40}},"loc":{"start":{"line":68,"column":40},"end":{"line":70,"column":3}},"line":68},"1":{"name":"(anonymous_1)","decl":{"start":{"line":73,"column":11},"end":{"line":73,"column":44}},"loc":{"start":{"line":73,"column":44},"end":{"line":75,"column":3}},"line":73},"2":{"name":"(anonymous_2)","decl":{"start":{"line":78,"column":11},"end":{"line":78,"column":45}},"loc":{"start":{"line":78,"column":60},"end":{"line":85,"column":3}},"line":78},"3":{"name":"(anonymous_3)","decl":{"start":{"line":80,"column":31},"end":{"line":80,"column":37}},"loc":{"start":{"line":80,"column":43},"end":{"line":80,"column":58}},"line":80},"4":{"name":"(anonymous_4)","decl":{"start":{"line":88,"column":35},"end":{"line":88,"column":42}},"loc":{"start":{"line":88,"column":58},"end":{"line":126,"column":3}},"line":88},"5":{"name":"(anonymous_5)","decl":{"start":{"line":129,"column":38},"end":{"line":129,"column":45}},"loc":{"start":{"line":129,"column":61},"end":{"line":147,"column":3}},"line":129},"6":{"name":"(anonymous_6)","decl":{"start":{"line":150,"column":11},"end":{"line":150,"column":37}},"loc":{"start":{"line":150,"column":37},"end":{"line":159,"column":3}},"line":150},"7":{"name":"(anonymous_7)","decl":{"start":{"line":162,"column":11},"end":{"line":162,"column":49}},"loc":{"start":{"line":162,"column":49},"end":{"line":164,"column":3}},"line":162},"8":{"name":"(anonymous_8)","decl":{"start":{"line":167,"column":11},"end":{"line":167,"column":53}},"loc":{"start":{"line":167,"column":53},"end":{"line":179,"column":3}},"line":167},"9":{"name":"(anonymous_9)","decl":{"start":{"line":182,"column":12},"end":{"line":182,"column":54}},"loc":{"start":{"line":182,"column":69},"end":{"line":193,"column":3}},"line":182},"10":{"name":"(anonymous_10)","decl":{"start":{"line":196,"column":11},"end":{"line":196,"column":57}},"loc":{"start":{"line":196,"column":57},"end":{"line":200,"column":3}},"line":196},"11":{"name":"(anonymous_11)","decl":{"start":{"line":203,"column":11},"end":{"line":203,"column":54}},"loc":{"start":{"line":203,"column":54},"end":{"line":234,"column":3}},"line":203},"12":{"name":"(anonymous_12)","decl":{"start":{"line":237,"column":11},"end":{"line":237,"column":41}},"loc":{"start":{"line":237,"column":41},"end":{"line":266,"column":3}},"line":237},"13":{"name":"(anonymous_13)","decl":{"start":{"line":269,"column":12},"end":{"line":269,"column":49}},"loc":{"start":{"line":269,"column":49},"end":{"line":283,"column":3}},"line":269}},"branchMap":{"0":{"loc":{"start":{"line":81,"column":4},"end":{"line":83,"column":null}},"type":"if","locations":[{"start":{"line":81,"column":4},"end":{"line":83,"column":null}},{"start":{},"end":{}}],"line":81},"1":{"loc":{"start":{"line":92,"column":4},"end":{"line":100,"column":null}},"type":"if","locations":[{"start":{"line":92,"column":4},"end":{"line":100,"column":null}},{"start":{},"end":{}}],"line":92},"2":{"loc":{"start":{"line":92,"column":8},"end":{"line":92,"column":72}},"type":"binary-expr","locations":[{"start":{"line":92,"column":8},"end":{"line":92,"column":42}},{"start":{"line":92,"column":42},"end":{"line":92,"column":72}}],"line":92},"3":{"loc":{"start":{"line":102,"column":4},"end":{"line":110,"column":null}},"type":"if","locations":[{"start":{"line":102,"column":4},"end":{"line":110,"column":null}},{"start":{},"end":{}}],"line":102},"4":{"loc":{"start":{"line":102,"column":8},"end":{"line":102,"column":66}},"type":"binary-expr","locations":[{"start":{"line":102,"column":8},"end":{"line":102,"column":39}},{"start":{"line":102,"column":39},"end":{"line":102,"column":66}}],"line":102},"5":{"loc":{"start":{"line":112,"column":4},"end":{"line":120,"column":null}},"type":"if","locations":[{"start":{"line":112,"column":4},"end":{"line":120,"column":null}},{"start":{},"end":{}}],"line":112},"6":{"loc":{"start":{"line":112,"column":8},"end":{"line":112,"column":62}},"type":"binary-expr","locations":[{"start":{"line":112,"column":8},"end":{"line":112,"column":37}},{"start":{"line":112,"column":37},"end":{"line":112,"column":62}}],"line":112},"7":{"loc":{"start":{"line":133,"column":4},"end":{"line":138,"column":null}},"type":"if","locations":[{"start":{"line":133,"column":4},"end":{"line":138,"column":null}},{"start":{},"end":{}}],"line":133},"8":{"loc":{"start":{"line":145,"column":12},"end":{"line":145,"column":null}},"type":"binary-expr","locations":[{"start":{"line":145,"column":12},"end":{"line":145,"column":20}},{"start":{"line":145,"column":20},"end":{"line":145,"column":null}}],"line":145}},"s":{"0":5,"1":5,"2":5,"3":2,"4":2,"5":4,"6":4,"7":4,"8":4,"9":0,"10":4,"11":3,"12":3,"13":3,"14":1,"15":2,"16":2,"17":0,"18":0,"19":0,"20":0,"21":0,"22":0,"23":0,"24":0,"25":1,"26":1,"27":1,"28":0,"29":0,"30":1,"31":0,"32":2,"33":1},"f":{"0":2,"1":2,"2":4,"3":4,"4":3,"5":0,"6":1,"7":1,"8":1,"9":0,"10":1,"11":0,"12":2,"13":1},"b":{"0":[0,4],"1":[1,2],"2":[3,1],"3":[2,0],"4":[2,2],"5":[0,0],"6":[0,0],"7":[0,0],"8":[0,0]},"meta":{"lastBranch":9,"lastFunction":14,"lastStatement":34,"seen":{"s:3:27:59:Infinity":0,"s:61:30:64:Infinity":1,"s:66:24:284:Infinity":2,"f:68:11:68:40":0,"s:69:4:69:Infinity":3,"f:73:11:73:44":1,"s:74:4:74:Infinity":4,"f:78:11:78:45":2,"s:79:21:79:Infinity":5,"s:80:19:80:Infinity":6,"f:80:31:80:37":3,"s:80:43:80:58":7,"b:81:4:83:Infinity:undefined:undefined:undefined:undefined":0,"s:81:4:83:Infinity":8,"s:82:6:82:Infinity":9,"s:84:4:84:Infinity":10,"f:88:35:88:42":4,"s:89:17:89:Infinity":11,"s:90:32:90:Infinity":12,"b:92:4:100:Infinity:undefined:undefined:undefined:undefined":1,"s:92:4:100:Infinity":13,"b:92:8:92:42:92:42:92:72":2,"s:93:6:99:Infinity":14,"b:102:4:110:Infinity:undefined:undefined:undefined:undefined":3,"s:102:4:110:Infinity":15,"b:102:8:102:39:102:39:102:66":4,"s:103:6:109:Infinity":16,"b:112:4:120:Infinity:undefined:undefined:undefined:undefined":5,"s:112:4:120:Infinity":17,"b:112:8:112:37:112:37:112:62":6,"s:113:6:119:Infinity":18,"s:122:4:125:Infinity":19,"f:129:38:129:45":5,"s:130:17:130:Infinity":20,"s:131:38:131:Infinity":21,"b:133:4:138:Infinity:undefined:undefined:undefined:undefined":7,"s:133:4:138:Infinity":22,"s:134:6:137:Infinity":23,"s:140:4:146:Infinity":24,"b:145:12:145:20:145:20:145:Infinity":8,"f:150:11:150:37":6,"s:151:4:158:Infinity":25,"f:162:11:162:49":7,"s:163:4:163:Infinity":26,"f:167:11:167:53":8,"s:168:4:178:Infinity":27,"f:182:12:182:54":9,"s:183:25:183:Infinity":28,"s:184:4:192:Infinity":29,"f:196:11:196:57":10,"s:197:4:199:Infinity":30,"f:203:11:203:54":11,"s:204:4:233:Infinity":31,"f:237:11:237:41":12,"s:238:4:265:Infinity":32,"f:269:12:269:49":13,"s:270:4:282:Infinity":33},"fnNames":{}}}
,"D:\\University\\E-Learning\\MOOC-lms\\lms-frontend\\src\\test\\mocks\\server.js": {"path":"D:\\University\\E-Learning\\MOOC-lms\\lms-frontend\\src\\test\\mocks\\server.js","statementMap":{"0":{"start":{"line":4,"column":22},"end":{"line":4,"column":null}}},"fnMap":{},"branchMap":{},"s":{"0":5},"f":{},"b":{},"meta":{"lastBranch":0,"lastFunction":0,"lastStatement":1,"seen":{"s:4:22:4:Infinity":0},"fnNames":{}}}
}
